Log file open, 07/05/21 21:07:03
LogInit: Display: Running engine for game: ObjectPool
LogPlatformFile: Not using cached read wrapper
LogTaskGraph: Started task graph with 5 named threads and 35 total threads with 3 sets of task threads.
LogStats: Stats thread started at 0.164322
LogD3D11RHI: Loaded GFSDK_Aftermath_Lib.x64.dll
LogICUInternationalization: ICU TimeZone Detection - Raw Offset: +9:00, Platform Override: ''
LogPluginManager: Mounting plugin Paper2D
LogPluginManager: Mounting plugin AISupport
LogPluginManager: Mounting plugin LightPropagationVolume
LogPluginManager: Mounting plugin CameraShakePreviewer
LogPluginManager: Mounting plugin ActorLayerUtilities
LogPluginManager: Mounting plugin AnimationSharing
LogPluginManager: Mounting plugin CLionSourceCodeAccess
LogPluginManager: Mounting plugin CodeLiteSourceCodeAccess
LogPluginManager: Mounting plugin GitSourceControl
LogPluginManager: Mounting plugin KDevelopSourceCodeAccess
LogPluginManager: Mounting plugin NullSourceCodeAccess
LogPluginManager: Mounting plugin PerforceSourceControl
LogPluginManager: Mounting plugin PlasticSourceControl
LogPluginManager: Mounting plugin RiderSourceCodeAccess
LogPluginManager: Mounting plugin SubversionSourceControl
LogPluginManager: Mounting plugin UObjectPlugin
LogPluginManager: Mounting plugin VisualStudioCodeSourceCodeAccess
LogPluginManager: Mounting plugin VisualStudioSourceCodeAccess
LogPluginManager: Mounting plugin XCodeSourceCodeAccess
LogPluginManager: Mounting plugin AssetManagerEditor
LogPluginManager: Mounting plugin CryptoKeys
LogPluginManager: Mounting plugin CurveEditorTools
LogPluginManager: Mounting plugin DataValidation
LogPluginManager: Mounting plugin EditorScriptingUtilities
LogPluginManager: Mounting plugin FacialAnimation
LogPluginManager: Mounting plugin GameplayTagsEditor
LogPluginManager: Mounting plugin GeometryMode
LogPluginManager: Mounting plugin MacGraphicsSwitching
LogPluginManager: Mounting plugin MaterialAnalyzer
LogPluginManager: Mounting plugin MobileLauncherProfileWizard
LogPluginManager: Mounting plugin PluginBrowser
LogPluginManager: Mounting plugin SpeedTreeImporter
LogPluginManager: Mounting plugin DatasmithContent
LogPluginManager: Mounting plugin VariantManagerContent
LogPluginManager: Mounting plugin AlembicImporter
LogPluginManager: Mounting plugin AutomationUtils
LogPluginManager: Mounting plugin BackChannel
LogPluginManager: Mounting plugin ChaosCloth
LogPluginManager: Mounting plugin ChaosClothEditor
LogPluginManager: Mounting plugin ChaosEditor
LogPluginManager: Mounting plugin ChaosNiagara
LogPluginManager: Mounting plugin ChaosSolverPlugin
LogPluginManager: Mounting plugin CharacterAI
LogPluginManager: Mounting plugin GeometryCache
LogPluginManager: Mounting plugin GeometryCollectionPlugin
LogPluginManager: Mounting plugin GeometryProcessing
LogPluginManager: Mounting plugin PlanarCut
LogPluginManager: Mounting plugin PlatformCrypto
LogPluginManager: Mounting plugin ProxyLODPlugin
LogPluginManager: Mounting plugin SkeletalReduction
LogPluginManager: Mounting plugin Niagara
LogPluginManager: Mounting plugin MagicLeap
LogPluginManager: Mounting plugin MagicLeapLightEstimation
LogPluginManager: Mounting plugin MagicLeapMedia
LogPluginManager: Mounting plugin MagicLeapPassableWorld
LogPluginManager: Mounting plugin MLSDK
LogPluginManager: Mounting plugin AndroidMedia
LogPluginManager: Mounting plugin AvfMedia
LogPluginManager: Mounting plugin ImgMedia
LogPluginManager: Mounting plugin MediaCompositing
LogPluginManager: Mounting plugin MediaPlayerEditor
LogPluginManager: Mounting plugin WebMMedia
LogPluginManager: Mounting plugin WmfMedia
LogPluginManager: Mounting plugin MeshPainting
LogPluginManager: Mounting plugin TcpMessaging
LogPluginManager: Mounting plugin UdpMessaging
LogPluginManager: Mounting plugin ActorSequence
LogPluginManager: Mounting plugin LevelSequenceEditor
LogPluginManager: Mounting plugin MatineeToLevelSequence
LogPluginManager: Mounting plugin MovieRenderPipeline
LogPluginManager: Mounting plugin TemplateSequence
LogPluginManager: Mounting plugin NetcodeUnitTest
LogPluginManager: Mounting plugin NUTUnrealEngine4
LogPluginManager: Mounting plugin OnlineSubsystemGooglePlay
LogPluginManager: Mounting plugin OnlineSubsystemIOS
LogPluginManager: Mounting plugin OnlineSubsystem
LogPluginManager: Mounting plugin OnlineSubsystemNull
LogPluginManager: Mounting plugin OnlineSubsystemUtils
LogPluginManager: Mounting plugin LauncherChunkInstaller
LogPluginManager: Mounting plugin AndroidDeviceProfileSelector
LogPluginManager: Mounting plugin AndroidMoviePlayer
LogPluginManager: Mounting plugin AndroidPermission
LogPluginManager: Mounting plugin AppleImageUtils
LogPluginManager: Mounting plugin AppleMoviePlayer
LogPluginManager: Mounting plugin ArchVisCharacter
LogPluginManager: Mounting plugin AssetTags
LogPluginManager: Mounting plugin AudioCapture
LogPluginManager: Mounting plugin CableComponent
LogPluginManager: Mounting plugin CustomMeshComponent
LogPluginManager: Mounting plugin EditableMesh
LogPluginManager: Mounting plugin ExampleDeviceProfileSelector
LogPluginManager: Mounting plugin GoogleCloudMessaging
LogPluginManager: Mounting plugin GooglePAD
LogPluginManager: Mounting plugin IOSDeviceProfileSelector
LogPluginManager: Mounting plugin LinuxDeviceProfileSelector
LogPluginManager: Mounting plugin LocationServicesBPLibrary
LogPluginManager: Mounting plugin MobilePatchingUtils
LogPluginManager: Mounting plugin OculusVR
LogPluginManager: Mounting plugin PhysXVehicles
LogPluginManager: Mounting plugin PostSplashScreen
LogPluginManager: Mounting plugin ProceduralMeshComponent
LogPluginManager: Mounting plugin RuntimePhysXCooking
LogPluginManager: Mounting plugin SignificanceManager
LogPluginManager: Mounting plugin SoundFields
LogPluginManager: Mounting plugin SteamVR
LogPluginManager: Mounting plugin Synthesis
LogPluginManager: Mounting plugin WebMMoviePlayer
LogPluginManager: Mounting plugin WindowsMoviePlayer
LogPluginManager: Mounting plugin ScreenshotTools
LogInit: Using libcurl 7.55.1-DEV
LogInit:  - built for x86_64-pc-win32
LogInit:  - supports SSL with OpenSSL/1.1.1
LogInit:  - supports HTTP deflate (compression) using libz 1.2.8
LogInit:  - other features:
LogInit:      CURL_VERSION_SSL
LogInit:      CURL_VERSION_LIBZ
LogInit:      CURL_VERSION_IPV6
LogInit:      CURL_VERSION_ASYNCHDNS
LogInit:      CURL_VERSION_LARGEFILE
LogInit:      CURL_VERSION_IDN
LogInit:  CurlRequestOptions (configurable via config and command line):
LogInit:  - bVerifyPeer = true  - Libcurl will verify peer certificate
LogInit:  - bUseHttpProxy = false  - Libcurl will NOT use HTTP proxy
LogInit:  - bDontReuseConnections = false  - Libcurl will reuse connections
LogInit:  - MaxHostConnections = 16  - Libcurl will limit the number of connections to a host
LogInit:  - LocalHostAddr = Default
LogInit:  - BufferSize = 65536
LogOnline: OSS: Creating online subsystem instance for: NULL
LogInit: WinSock: version 1.1 (2.2), MaxSocks=32767, MaxUdp=65467
LogOnline: OSS: TryLoadSubsystemAndSetDefault: Loaded subsystem for module [NULL]
LogInit: Build: ++UE4+Release-4.25-CL-14469661
LogInit: Engine Version: 4.25.4-14469661+++UE4+Release-4.25
LogInit: Compatible Engine Version: 4.25.0-13144385+++UE4+Release-4.25
LogInit: Net CL: 13144385
LogInit: OS: Windows 10 (Release 2004) (), CPU: AMD Ryzen 5 3600 6-Core Processor              , GPU: NVIDIA GeForce RTX 2060 SUPER
LogInit: Compiled (64-bit): Oct 11 2020 08:10:49
LogInit: Compiled with Visual C++: 19.24.28315.00
LogInit: Build Configuration: Development
LogInit: Branch Name: ++UE4+Release-4.25
LogInit: Command Line: 
LogInit: Base Directory: C:/Program Files/Epic Games/UE_4.25/Engine/Binaries/Win64/
LogInit: Allocator: TBB
LogInit: Installed Engine Build: 1
LogDevObjectVersion: Number of dev versions registered: 26
LogDevObjectVersion:   Dev-Blueprints (B0D832E4-1F89-4F0D-ACCF-7EB736FD4AA2): 10
LogDevObjectVersion:   Dev-Build (E1C64328-A22C-4D53-A36C-8E866417BD8C): 0
LogDevObjectVersion:   Dev-Core (375EC13C-06E4-48FB-B500-84F0262A717E): 4
LogDevObjectVersion:   Dev-Editor (E4B068ED-F494-42E9-A231-DA0B2E46BB41): 38
LogDevObjectVersion:   Dev-Framework (CFFC743F-43B0-4480-9391-14DF171D2073): 37
LogDevObjectVersion:   Dev-Mobile (B02B49B5-BB20-44E9-A304-32B752E40360): 2
LogDevObjectVersion:   Dev-Networking (A4E4105C-59A1-49B5-A7C5-40C4547EDFEE): 0
LogDevObjectVersion:   Dev-Online (39C831C9-5AE6-47DC-9A44-9C173E1C8E7C): 0
LogDevObjectVersion:   Dev-Physics (78F01B33-EBEA-4F98-B9B4-84EACCB95AA2): 4
LogDevObjectVersion:   Dev-Platform (6631380F-2D4D-43E0-8009-CF276956A95A): 0
LogDevObjectVersion:   Dev-Rendering (12F88B9F-8875-4AFC-A67C-D90C383ABD29): 43
LogDevObjectVersion:   Dev-Sequencer (7B5AE74C-D270-4C10-A958-57980B212A5A): 12
LogDevObjectVersion:   Dev-VR (D7296918-1DD6-4BDD-9DE2-64A83CC13884): 3
LogDevObjectVersion:   Dev-LoadTimes (C2A15278-BFE7-4AFE-6C17-90FF531DF755): 1
LogDevObjectVersion:   Private-Geometry (6EACA3D4-40EC-4CC1-B786-8BED09428FC5): 3
LogDevObjectVersion:   Dev-AnimPhys (29E575DD-E0A3-4627-9D10-D276232CDCEA): 17
LogDevObjectVersion:   Dev-Anim (AF43A65D-7FD3-4947-9873-3E8ED9C1BB05): 7
LogDevObjectVersion:   Dev-ReflectionCapture (6B266CEC-1EC7-4B8F-A30B-E4D90942FC07): 1
LogDevObjectVersion:   Dev-Automation (0DF73D61-A23F-47EA-B727-89E90C41499A): 1
LogDevObjectVersion:   FortniteMain (601D1886-AC64-4F84-AA16-D3DE0DEAC7D6): 31
LogDevObjectVersion:   Dev-Enterprise (9DFFBCD6-494F-0158-E221-12823C92A888): 10
LogDevObjectVersion:   Dev-Niagara (F2AED0AC-9AFE-416F-8664-AA7FFA26D6FC): 1
LogDevObjectVersion:   Dev-Destruction (174F1F0B-B4C6-45A5-B13F-2EE8D0FB917D): 10
LogDevObjectVersion:   Dev-Physics-Ext (35F94A83-E258-406C-A318-09F59610247C): 37
LogDevObjectVersion:   Dev-PhysicsMaterial-Chaos (B68FC16E-8B1B-42E2-B453-215C058844FE): 1
LogDevObjectVersion:   Dev-CineCamera (B2E18506-4273-CFC2-A54E-F4BB758BBA07): 1
LogInit: Presizing for max 25165824 objects, including 0 objects not considered by GC, pre-allocating 0 bytes for permanent pool.
LogConfig: Applying CVar settings from Section [/Script/Engine.StreamingSettings] File [E:/ObjectPool/ObjectPool/Saved/Config/Windows/Engine.ini]
LogConfig: Setting CVar [[s.MinBulkDataSizeForAsyncLoading:131072]]
LogConfig: Setting CVar [[s.AsyncLoadingThreadEnabled:0]]
LogConfig: Setting CVar [[s.EventDrivenLoaderEnabled:1]]
LogConfig: Setting CVar [[s.WarnIfTimeLimitExceeded:0]]
LogConfig: Setting CVar [[s.TimeLimitExceededMultiplier:1.5]]
LogConfig: Setting CVar [[s.TimeLimitExceededMinTime:0.005]]
LogConfig: Setting CVar [[s.UseBackgroundLevelStreaming:1]]
LogConfig: Setting CVar [[s.PriorityAsyncLoadingExtraTime:15.0]]
LogConfig: Setting CVar [[s.LevelStreamingActorsUpdateTimeLimit:5.0]]
LogConfig: Setting CVar [[s.PriorityLevelStreamingActorsUpdateExtraTime:5.0]]
LogConfig: Setting CVar [[s.LevelStreamingComponentsRegistrationGranularity:10]]
LogConfig: Setting CVar [[s.UnregisterComponentsTimeLimit:1.0]]
LogConfig: Setting CVar [[s.LevelStreamingComponentsUnregistrationGranularity:5]]
LogConfig: Setting CVar [[s.FlushStreamingOnExit:1]]
LogInit: Object subsystem initialized
LogConfig: Setting CVar [[con.DebugEarlyDefault:1]]
LogConfig: Setting CVar [[r.setres:1280x720]]
[2021.07.05-12.07.03:713][  0]LogConfig: Setting CVar [[r.VSync:0]]
[2021.07.05-12.07.03:713][  0]LogConfig: Setting CVar [[r.RHICmdBypass:0]]
[2021.07.05-12.07.03:713][  0]LogConfig: Applying CVar settings from Section [/Script/Engine.RendererSettings] File [E:/ObjectPool/ObjectPool/Saved/Config/Windows/Engine.ini]
[2021.07.05-12.07.03:714][  0]LogConfig: Setting CVar [[r.GPUCrashDebugging:0]]
[2021.07.05-12.07.03:714][  0]LogConfig: Setting CVar [[r.Mobile.DisableVertexFog:1]]
[2021.07.05-12.07.03:714][  0]LogConfig: Setting CVar [[r.Shadow.CSM.MaxMobileCascades:2]]
[2021.07.05-12.07.03:714][  0]LogConfig: Setting CVar [[r.MobileMSAA:1]]
[2021.07.05-12.07.03:714][  0]LogConfig: Setting CVar [[r.Mobile.UseLegacyShadingModel:0]]
[2021.07.05-12.07.03:714][  0]LogConfig: Setting CVar [[r.Mobile.AllowDitheredLODTransition:0]]
[2021.07.05-12.07.03:714][  0]LogConfig: Setting CVar [[r.Mobile.AllowSoftwareOcclusion:0]]
[2021.07.05-12.07.03:714][  0]LogConfig: Setting CVar [[r.Mobile.VirtualTextures:0]]
[2021.07.05-12.07.03:714][  0]LogConfig: Setting CVar [[r.DiscardUnusedQuality:0]]
[2021.07.05-12.07.03:714][  0]LogConfig: Setting CVar [[r.AllowOcclusionQueries:1]]
[2021.07.05-12.07.03:714][  0]LogConfig: Setting CVar [[r.MinScreenRadiusForLights:0.030000]]
[2021.07.05-12.07.03:714][  0]LogConfig: Setting CVar [[r.MinScreenRadiusForDepthPrepass:0.030000]]
[2021.07.05-12.07.03:714][  0]LogConfig: Setting CVar [[r.MinScreenRadiusForCSMDepth:0.010000]]
[2021.07.05-12.07.03:714][  0]LogConfig: Setting CVar [[r.PrecomputedVisibilityWarning:0]]
[2021.07.05-12.07.03:714][  0]LogConfig: Setting CVar [[r.TextureStreaming:1]]
[2021.07.05-12.07.03:714][  0]LogConfig: Setting CVar [[Compat.UseDXT5NormalMaps:0]]
[2021.07.05-12.07.03:714][  0]LogConfig: Setting CVar [[r.VirtualTextures:0]]
[2021.07.05-12.07.03:714][  0]LogConfig: Setting CVar [[r.VirtualTexturedLightmaps:0]]
[2021.07.05-12.07.03:714][  0]LogConfig: Setting CVar [[r.VT.TileSize:128]]
[2021.07.05-12.07.03:714][  0]LogConfig: Setting CVar [[r.VT.TileBorderSize:4]]
[2021.07.05-12.07.03:714][  0]LogConfig: Setting CVar [[r.vt.FeedbackFactor:16]]
[2021.07.05-12.07.03:714][  0]LogConfig: Setting CVar [[r.VT.EnableCompressZlib:1]]
[2021.07.05-12.07.03:714][  0]LogConfig: Setting CVar [[r.VT.EnableCompressCrunch:0]]
[2021.07.05-12.07.03:714][  0]LogConfig: Setting CVar [[r.ClearCoatNormal:0]]
[2021.07.05-12.07.03:714][  0]LogConfig: Setting CVar [[r.AnisotropicBRDF:0]]
[2021.07.05-12.07.03:714][  0]LogConfig: Setting CVar [[r.ReflectionCaptureResolution:128]]
[2021.07.05-12.07.03:714][  0]LogConfig: Setting CVar [[r.ReflectionEnvironmentLightmapMixBasedOnRoughness:1]]
[2021.07.05-12.07.03:714][  0]LogConfig: Setting CVar [[r.ForwardShading:0]]
[2021.07.05-12.07.03:714][  0]LogConfig: Setting CVar [[r.VertexFoggingForOpaque:1]]
[2021.07.05-12.07.03:714][  0]LogConfig: Setting CVar [[r.AllowStaticLighting:1]]
[2021.07.05-12.07.03:714][  0]LogConfig: Setting CVar [[r.NormalMapsForStaticLighting:0]]
[2021.07.05-12.07.03:714][  0]LogConfig: Setting CVar [[r.GenerateMeshDistanceFields:0]]
[2021.07.05-12.07.03:714][  0]LogConfig: Setting CVar [[r.DistanceFieldBuild.EightBit:0]]
[2021.07.05-12.07.03:714][  0]LogConfig: Setting CVar [[r.GenerateLandscapeGIData:0]]
[2021.07.05-12.07.03:714][  0]LogConfig: Setting CVar [[r.DistanceFieldBuild.Compress:0]]
[2021.07.05-12.07.03:714][  0]LogConfig: Setting CVar [[r.TessellationAdaptivePixelsPerTriangle:48.000000]]
[2021.07.05-12.07.03:714][  0]LogConfig: Setting CVar [[r.SeparateTranslucency:0]]
[2021.07.05-12.07.03:714][  0]LogConfig: Setting CVar [[r.TranslucentSortPolicy:0]]
[2021.07.05-12.07.03:714][  0]LogConfig: Setting CVar [[r.CustomDepth:1]]
[2021.07.05-12.07.03:714][  0]LogConfig: Setting CVar [[r.CustomDepthTemporalAAJitter:1]]
[2021.07.05-12.07.03:714][  0]LogConfig: Setting CVar [[r.PostProcessing.PropagateAlpha:0]]
[2021.07.05-12.07.03:714][  0]LogConfig: Setting CVar [[r.DefaultFeature.Bloom:1]]
[2021.07.05-12.07.03:714][  0]LogConfig: Setting CVar [[r.DefaultFeature.AmbientOcclusion:0]]
[2021.07.05-12.07.03:714][  0]LogConfig: Setting CVar [[r.DefaultFeature.AmbientOcclusionStaticFraction:1]]
[2021.07.05-12.07.03:714][  0]LogConfig: Setting CVar [[r.DefaultFeature.AutoExposure:0]]
[2021.07.05-12.07.03:714][  0]LogConfig: Setting CVar [[r.DefaultFeature.AutoExposure.Method:0]]
[2021.07.05-12.07.03:714][  0]LogConfig: Setting CVar [[r.DefaultFeature.AutoExposure.Bias:1.000000]]
[2021.07.05-12.07.03:714][  0]LogConfig: Setting CVar [[r.DefaultFeature.AutoExposure.ExtendDefaultLuminanceRange:0]]
[2021.07.05-12.07.03:714][  0]LogConfig: Setting CVar [[r.UsePreExposure:1]]
[2021.07.05-12.07.03:714][  0]LogConfig: Setting CVar [[r.EyeAdaptation.EditorOnly:0]]
[2021.07.05-12.07.03:714][  0]LogConfig: Setting CVar [[r.DefaultFeature.MotionBlur:0]]
[2021.07.05-12.07.03:714][  0]LogConfig: Setting CVar [[r.DefaultFeature.LensFlare:0]]
[2021.07.05-12.07.03:714][  0]LogConfig: Setting CVar [[r.TemporalAA.Upsampling:0]]
[2021.07.05-12.07.03:714][  0]LogConfig: Setting CVar [[r.SSGI.Enable:0]]
[2021.07.05-12.07.03:714][  0]LogConfig: Setting CVar [[r.DefaultFeature.AntiAliasing:0]]
[2021.07.05-12.07.03:714][  0]LogConfig: Setting CVar [[r.DefaultFeature.LightUnits:1]]
[2021.07.05-12.07.03:714][  0]LogConfig: Setting CVar [[r.DefaultBackBufferPixelFormat:4]]
[2021.07.05-12.07.03:714][  0]LogConfig: Setting CVar [[r.Shadow.UnbuiltPreviewInGame:1]]
[2021.07.05-12.07.03:714][  0]LogConfig: Setting CVar [[r.StencilForLODDither:0]]
[2021.07.05-12.07.03:714][  0]LogConfig: Setting CVar [[r.EarlyZPass:3]]
[2021.07.05-12.07.03:714][  0]LogConfig: Setting CVar [[r.EarlyZPassOnlyMaterialMasking:0]]
[2021.07.05-12.07.03:714][  0]LogConfig: Setting CVar [[r.DBuffer:1]]
[2021.07.05-12.07.03:714][  0]LogConfig: Setting CVar [[r.ClearSceneMethod:1]]
[2021.07.05-12.07.03:714][  0]LogConfig: Setting CVar [[r.BasePassOutputsVelocity:0]]
[2021.07.05-12.07.03:714][  0]LogConfig: Setting CVar [[r.VertexDeformationOutputsVelocity:0]]
[2021.07.05-12.07.03:714][  0]LogConfig: Setting CVar [[r.SelectiveBasePassOutputs:0]]
[2021.07.05-12.07.03:714][  0]LogConfig: Setting CVar [[fx.GPUSimulationTextureSizeX:1024]]
[2021.07.05-12.07.03:714][  0]LogConfig: Setting CVar [[fx.GPUSimulationTextureSizeY:1024]]
[2021.07.05-12.07.03:714][  0]LogConfig: Setting CVar [[r.AllowGlobalClipPlane:0]]
[2021.07.05-12.07.03:714][  0]LogConfig: Setting CVar [[r.GBufferFormat:1]]
[2021.07.05-12.07.03:714][  0]LogConfig: Setting CVar [[r.MorphTarget.Mode:1]]
[2021.07.05-12.07.03:714][  0]LogConfig: Setting CVar [[vr.InstancedStereo:0]]
[2021.07.05-12.07.03:714][  0]LogConfig: Setting CVar [[r.MobileHDR:1]]
[2021.07.05-12.07.03:714][  0]LogConfig: Setting CVar [[vr.MobileMultiView:0]]
[2021.07.05-12.07.03:714][  0]LogConfig: Setting CVar [[r.Mobile.UseHWsRGBEncoding:0]]
[2021.07.05-12.07.03:714][  0]LogConfig: Setting CVar [[vr.RoundRobinOcclusion:0]]
[2021.07.05-12.07.03:714][  0]LogConfig: Setting CVar [[vr.ODSCapture:0]]
[2021.07.05-12.07.03:714][  0]LogConfig: Setting CVar [[r.MeshStreaming:0]]
[2021.07.05-12.07.03:714][  0]LogConfig: Setting CVar [[r.WireframeCullThreshold:5.000000]]
[2021.07.05-12.07.03:714][  0]LogConfig: Setting CVar [[r.RayTracing:0]]
[2021.07.05-12.07.03:714][  0]LogConfig: Setting CVar [[r.RayTracing.UseTextureLod:0]]
[2021.07.05-12.07.03:714][  0]LogConfig: Setting CVar [[r.SupportStationarySkylight:1]]
[2021.07.05-12.07.03:714][  0]LogConfig: Setting CVar [[r.SupportLowQualityLightmaps:1]]
[2021.07.05-12.07.03:714][  0]LogConfig: Setting CVar [[r.SupportPointLightWholeSceneShadows:1]]
[2021.07.05-12.07.03:714][  0]LogConfig: Setting CVar [[r.SupportAtmosphericFog:1]]
[2021.07.05-12.07.03:714][  0]LogConfig: Setting CVar [[r.SupportSkyAtmosphere:1]]
[2021.07.05-12.07.03:714][  0]LogConfig: Setting CVar [[r.SupportSkyAtmosphereAffectsHeightFog:0]]
[2021.07.05-12.07.03:714][  0]LogConfig: Setting CVar [[r.SkinCache.CompileShaders:0]]
[2021.07.05-12.07.03:714][  0]LogConfig: Setting CVar [[r.SkinCache.DefaultBehavior:1]]
[2021.07.05-12.07.03:714][  0]LogConfig: Setting CVar [[r.SkinCache.SceneMemoryLimitInMB:128.000000]]
[2021.07.05-12.07.03:714][  0]LogConfig: Setting CVar [[r.Mobile.EnableStaticAndCSMShadowReceivers:1]]
[2021.07.05-12.07.03:714][  0]LogConfig: Setting CVar [[r.Mobile.EnableMovableLightCSMShaderCulling:1]]
[2021.07.05-12.07.03:714][  0]LogConfig: Setting CVar [[r.Mobile.AllowDistanceFieldShadows:1]]
[2021.07.05-12.07.03:715][  0]LogConfig: Setting CVar [[r.Mobile.AllowMovableDirectionalLights:1]]
[2021.07.05-12.07.03:715][  0]LogConfig: Setting CVar [[r.MobileNumDynamicPointLights:4]]
[2021.07.05-12.07.03:715][  0]LogConfig: Setting CVar [[r.MobileDynamicPointLightsUseStaticBranch:1]]
[2021.07.05-12.07.03:715][  0]LogConfig: Setting CVar [[r.Mobile.EnableMovableSpotlights:0]]
[2021.07.05-12.07.03:715][  0]LogConfig: Setting CVar [[r.GPUSkin.Support16BitBoneIndex:0]]
[2021.07.05-12.07.03:715][  0]LogConfig: Setting CVar [[r.GPUSkin.Limit2BoneInfluences:0]]
[2021.07.05-12.07.03:715][  0]LogConfig: Setting CVar [[r.SupportDepthOnlyIndexBuffers:1]]
[2021.07.05-12.07.03:715][  0]LogConfig: Setting CVar [[r.SupportReversedIndexBuffers:1]]
[2021.07.05-12.07.03:715][  0]LogConfig: Setting CVar [[r.SupportMaterialLayers:0]]
[2021.07.05-12.07.03:715][  0]LogConfig: Setting CVar [[r.LightPropagationVolume:0]]
[2021.07.05-12.07.03:715][  0]LogConfig: Applying CVar settings from Section [/Script/Engine.RendererOverrideSettings] File [E:/ObjectPool/ObjectPool/Saved/Config/Windows/Engine.ini]
[2021.07.05-12.07.03:715][  0]LogConfig: Applying CVar settings from Section [/Script/Engine.StreamingSettings] File [E:/ObjectPool/ObjectPool/Saved/Config/Windows/Engine.ini]
[2021.07.05-12.07.03:715][  0]LogConfig: Setting CVar [[s.MinBulkDataSizeForAsyncLoading:131072]]
[2021.07.05-12.07.03:715][  0]LogConfig: Setting CVar [[s.AsyncLoadingThreadEnabled:0]]
[2021.07.05-12.07.03:715][  0]LogConfig: Setting CVar [[s.EventDrivenLoaderEnabled:1]]
[2021.07.05-12.07.03:715][  0]LogConfig: Setting CVar [[s.WarnIfTimeLimitExceeded:0]]
[2021.07.05-12.07.03:715][  0]LogConfig: Setting CVar [[s.TimeLimitExceededMultiplier:1.5]]
[2021.07.05-12.07.03:715][  0]LogConfig: Setting CVar [[s.TimeLimitExceededMinTime:0.005]]
[2021.07.05-12.07.03:715][  0]LogConfig: Setting CVar [[s.UseBackgroundLevelStreaming:1]]
[2021.07.05-12.07.03:715][  0]LogConfig: Setting CVar [[s.PriorityAsyncLoadingExtraTime:15.0]]
[2021.07.05-12.07.03:715][  0]LogConfig: Setting CVar [[s.LevelStreamingActorsUpdateTimeLimit:5.0]]
[2021.07.05-12.07.03:715][  0]LogConfig: Setting CVar [[s.PriorityLevelStreamingActorsUpdateExtraTime:5.0]]
[2021.07.05-12.07.03:715][  0]LogConfig: Setting CVar [[s.LevelStreamingComponentsRegistrationGranularity:10]]
[2021.07.05-12.07.03:715][  0]LogConfig: Setting CVar [[s.UnregisterComponentsTimeLimit:1.0]]
[2021.07.05-12.07.03:715][  0]LogConfig: Setting CVar [[s.LevelStreamingComponentsUnregistrationGranularity:5]]
[2021.07.05-12.07.03:715][  0]LogConfig: Setting CVar [[s.FlushStreamingOnExit:1]]
[2021.07.05-12.07.03:715][  0]LogConfig: Applying CVar settings from Section [/Script/Engine.GarbageCollectionSettings] File [E:/ObjectPool/ObjectPool/Saved/Config/Windows/Engine.ini]
[2021.07.05-12.07.03:715][  0]LogConfig: Setting CVar [[gc.MaxObjectsNotConsideredByGC:1]]
[2021.07.05-12.07.03:715][  0]LogConfig: Setting CVar [[gc.SizeOfPermanentObjectPool:0]]
[2021.07.05-12.07.03:715][  0]LogConfig: Setting CVar [[gc.FlushStreamingOnGC:0]]
[2021.07.05-12.07.03:715][  0]LogConfig: Setting CVar [[gc.NumRetriesBeforeForcingGC:10]]
[2021.07.05-12.07.03:715][  0]LogConfig: Setting CVar [[gc.AllowParallelGC:1]]
[2021.07.05-12.07.03:715][  0]LogConfig: Setting CVar [[gc.TimeBetweenPurgingPendingKillObjects:61.1]]
[2021.07.05-12.07.03:715][  0]LogConfig: Setting CVar [[gc.MaxObjectsInEditor:25165824]]
[2021.07.05-12.07.03:715][  0]LogConfig: Setting CVar [[gc.IncrementalBeginDestroyEnabled:1]]
[2021.07.05-12.07.03:715][  0]LogConfig: Setting CVar [[gc.CreateGCClusters:1]]
[2021.07.05-12.07.03:715][  0]LogConfig: Setting CVar [[gc.MinGCClusterSize:5]]
[2021.07.05-12.07.03:715][  0]LogConfig: Setting CVar [[gc.ActorClusteringEnabled:0]]
[2021.07.05-12.07.03:715][  0]LogConfig: Setting CVar [[gc.BlueprintClusteringEnabled:0]]
[2021.07.05-12.07.03:715][  0]LogConfig: Setting CVar [[gc.UseDisregardForGCOnDedicatedServers:0]]
[2021.07.05-12.07.03:715][  0]LogConfig: Applying CVar settings from Section [/Script/Engine.NetworkSettings] File [E:/ObjectPool/ObjectPool/Saved/Config/Windows/Engine.ini]
[2021.07.05-12.07.03:715][  0]LogConfig: Applying CVar settings from Section [/Script/UnrealEd.CookerSettings] File [E:/ObjectPool/ObjectPool/Saved/Config/Windows/Engine.ini]
[2021.07.05-12.07.03:719][  0]LogConfig: Applying CVar settings from Section [ViewDistanceQuality@3] File [E:/ObjectPool/ObjectPool/Saved/Config/Windows/Scalability.ini]
[2021.07.05-12.07.03:720][  0]LogConfig: Setting CVar [[r.SkeletalMeshLODBias:0]]
[2021.07.05-12.07.03:720][  0]LogConfig: Setting CVar [[r.ViewDistanceScale:1.0]]
[2021.07.05-12.07.03:720][  0]LogConfig: Applying CVar settings from Section [AntiAliasingQuality@3] File [E:/ObjectPool/ObjectPool/Saved/Config/Windows/Scalability.ini]
[2021.07.05-12.07.03:720][  0]LogConfig: Setting CVar [[r.PostProcessAAQuality:4]]
[2021.07.05-12.07.03:720][  0]LogConfig: Applying CVar settings from Section [ShadowQuality@3] File [E:/ObjectPool/ObjectPool/Saved/Config/Windows/Scalability.ini]
[2021.07.05-12.07.03:720][  0]LogConfig: Setting CVar [[r.LightFunctionQuality:1]]
[2021.07.05-12.07.03:720][  0]LogConfig: Setting CVar [[r.ShadowQuality:5]]
[2021.07.05-12.07.03:720][  0]LogConfig: Setting CVar [[r.Shadow.CSM.MaxCascades:10]]
[2021.07.05-12.07.03:720][  0]LogConfig: Setting CVar [[r.Shadow.MaxResolution:2048]]
[2021.07.05-12.07.03:720][  0]LogConfig: Setting CVar [[r.Shadow.MaxCSMResolution:2048]]
[2021.07.05-12.07.03:720][  0]LogConfig: Setting CVar [[r.Shadow.RadiusThreshold:0.01]]
[2021.07.05-12.07.03:720][  0]LogConfig: Setting CVar [[r.Shadow.DistanceScale:1.0]]
[2021.07.05-12.07.03:720][  0]LogConfig: Setting CVar [[r.Shadow.CSM.TransitionScale:1.0]]
[2021.07.05-12.07.03:720][  0]LogConfig: Setting CVar [[r.Shadow.PreShadowResolutionFactor:1.0]]
[2021.07.05-12.07.03:720][  0]LogConfig: Setting CVar [[r.DistanceFieldShadowing:1]]
[2021.07.05-12.07.03:720][  0]LogConfig: Setting CVar [[r.DistanceFieldAO:1]]
[2021.07.05-12.07.03:720][  0]LogConfig: Setting CVar [[r.AOQuality:2]]
[2021.07.05-12.07.03:720][  0]LogConfig: Setting CVar [[r.VolumetricFog:1]]
[2021.07.05-12.07.03:720][  0]LogConfig: Setting CVar [[r.VolumetricFog.GridPixelSize:8]]
[2021.07.05-12.07.03:720][  0]LogConfig: Setting CVar [[r.VolumetricFog.GridSizeZ:128]]
[2021.07.05-12.07.03:720][  0]LogConfig: Setting CVar [[r.VolumetricFog.HistoryMissSupersampleCount:4]]
[2021.07.05-12.07.03:720][  0]LogConfig: Setting CVar [[r.LightMaxDrawDistanceScale:1]]
[2021.07.05-12.07.03:720][  0]LogConfig: Setting CVar [[r.CapsuleShadows:1]]
[2021.07.05-12.07.03:720][  0]LogConfig: Applying CVar settings from Section [PostProcessQuality@3] File [E:/ObjectPool/ObjectPool/Saved/Config/Windows/Scalability.ini]
[2021.07.05-12.07.03:720][  0]LogConfig: Setting CVar [[r.MotionBlurQuality:4]]
[2021.07.05-12.07.03:720][  0]LogConfig: Setting CVar [[r.AmbientOcclusionMipLevelFactor:0.4]]
[2021.07.05-12.07.03:720][  0]LogConfig: Setting CVar [[r.AmbientOcclusionMaxQuality:100]]
[2021.07.05-12.07.03:720][  0]LogConfig: Setting CVar [[r.AmbientOcclusionLevels:-1]]
[2021.07.05-12.07.03:720][  0]LogConfig: Setting CVar [[r.AmbientOcclusionRadiusScale:1.0]]
[2021.07.05-12.07.03:720][  0]LogConfig: Setting CVar [[r.DepthOfFieldQuality:2]]
[2021.07.05-12.07.03:720][  0]LogConfig: Setting CVar [[r.RenderTargetPoolMin:400]]
[2021.07.05-12.07.03:720][  0]LogConfig: Setting CVar [[r.LensFlareQuality:2]]
[2021.07.05-12.07.03:720][  0]LogConfig: Setting CVar [[r.SceneColorFringeQuality:1]]
[2021.07.05-12.07.03:720][  0]LogConfig: Setting CVar [[r.EyeAdaptationQuality:2]]
[2021.07.05-12.07.03:720][  0]LogConfig: Setting CVar [[r.BloomQuality:5]]
[2021.07.05-12.07.03:720][  0]LogConfig: Setting CVar [[r.FastBlurThreshold:100]]
[2021.07.05-12.07.03:720][  0]LogConfig: Setting CVar [[r.Upscale.Quality:3]]
[2021.07.05-12.07.03:720][  0]LogConfig: Setting CVar [[r.Tonemapper.GrainQuantization:1]]
[2021.07.05-12.07.03:720][  0]LogConfig: Setting CVar [[r.LightShaftQuality:1]]
[2021.07.05-12.07.03:720][  0]LogConfig: Setting CVar [[r.Filter.SizeScale:1]]
[2021.07.05-12.07.03:720][  0]LogConfig: Setting CVar [[r.Tonemapper.Quality:5]]
[2021.07.05-12.07.03:720][  0]LogConfig: Setting CVar [[r.DOF.Gather.AccumulatorQuality:1        ; higher gathering accumulator quality]]
[2021.07.05-12.07.03:720][  0]LogConfig: Setting CVar [[r.DOF.Gather.PostfilterMethod:1          ; Median3x3 postfilering method]]
[2021.07.05-12.07.03:720][  0]LogConfig: Setting CVar [[r.DOF.Gather.EnableBokehSettings:0       ; no bokeh simulation when gathering]]
[2021.07.05-12.07.03:720][  0]LogConfig: Setting CVar [[r.DOF.Gather.RingCount:4                 ; medium number of samples when gathering]]
[2021.07.05-12.07.03:720][  0]LogConfig: Setting CVar [[r.DOF.Scatter.ForegroundCompositing:1    ; additive foreground scattering]]
[2021.07.05-12.07.03:720][  0]LogConfig: Setting CVar [[r.DOF.Scatter.BackgroundCompositing:2    ; additive background scattering]]
[2021.07.05-12.07.03:720][  0]LogConfig: Setting CVar [[r.DOF.Scatter.EnableBokehSettings:1      ; bokeh simulation when scattering]]
[2021.07.05-12.07.03:720][  0]LogConfig: Setting CVar [[r.DOF.Scatter.MaxSpriteRatio:0.1         ; only a maximum of 10% of scattered bokeh]]
[2021.07.05-12.07.03:720][  0]LogConfig: Setting CVar [[r.DOF.Recombine.Quality:1                ; cheap slight out of focus]]
[2021.07.05-12.07.03:720][  0]LogConfig: Setting CVar [[r.DOF.Recombine.EnableBokehSettings:0    ; no bokeh simulation on slight out of focus]]
[2021.07.05-12.07.03:720][  0]LogConfig: Setting CVar [[r.DOF.TemporalAAQuality:1                ; more stable temporal accumulation]]
[2021.07.05-12.07.03:720][  0]LogConfig: Setting CVar [[r.DOF.Kernel.MaxForegroundRadius:0.025]]
[2021.07.05-12.07.03:720][  0]LogConfig: Setting CVar [[r.DOF.Kernel.MaxBackgroundRadius:0.025]]
[2021.07.05-12.07.03:720][  0]LogConfig: Applying CVar settings from Section [TextureQuality@3] File [E:/ObjectPool/ObjectPool/Saved/Config/Windows/Scalability.ini]
[2021.07.05-12.07.03:720][  0]LogConfig: Setting CVar [[r.Streaming.MipBias:0]]
[2021.07.05-12.07.03:720][  0]LogConfig: Setting CVar [[r.Streaming.AmortizeCPUToGPUCopy:0]]
[2021.07.05-12.07.03:720][  0]LogConfig: Setting CVar [[r.Streaming.MaxNumTexturesToStreamPerFrame:0]]
[2021.07.05-12.07.03:720][  0]LogConfig: Setting CVar [[r.Streaming.Boost:1]]
[2021.07.05-12.07.03:720][  0]LogConfig: Setting CVar [[r.MaxAnisotropy:8]]
[2021.07.05-12.07.03:720][  0]LogConfig: Setting CVar [[r.VT.MaxAnisotropy:8]]
[2021.07.05-12.07.03:720][  0]LogConfig: Setting CVar [[r.Streaming.LimitPoolSizeToVRAM:0]]
[2021.07.05-12.07.03:720][  0]LogConfig: Setting CVar [[r.Streaming.PoolSize:1000]]
[2021.07.05-12.07.03:720][  0]LogConfig: Setting CVar [[r.Streaming.MaxEffectiveScreenSize:0]]
[2021.07.05-12.07.03:720][  0]LogConfig: Applying CVar settings from Section [EffectsQuality@3] File [E:/ObjectPool/ObjectPool/Saved/Config/Windows/Scalability.ini]
[2021.07.05-12.07.03:720][  0]LogConfig: Setting CVar [[r.TranslucencyLightingVolumeDim:64]]
[2021.07.05-12.07.03:720][  0]LogConfig: Setting CVar [[r.RefractionQuality:2]]
[2021.07.05-12.07.03:720][  0]LogConfig: Setting CVar [[r.SSR.Quality:3]]
[2021.07.05-12.07.03:720][  0]LogConfig: Setting CVar [[r.SSR.HalfResSceneColor:0]]
[2021.07.05-12.07.03:720][  0]LogConfig: Setting CVar [[r.SceneColorFormat:4]]
[2021.07.05-12.07.03:720][  0]LogConfig: Setting CVar [[r.DetailMode:2]]
[2021.07.05-12.07.03:720][  0]LogConfig: Setting CVar [[r.TranslucencyVolumeBlur:1]]
[2021.07.05-12.07.03:720][  0]LogConfig: Setting CVar [[r.MaterialQualityLevel:1 ; High quality]]
[2021.07.05-12.07.03:720][  0]LogConfig: Setting CVar [[r.SSS.Scale:1]]
[2021.07.05-12.07.03:720][  0]LogConfig: Setting CVar [[r.SSS.SampleSet:2]]
[2021.07.05-12.07.03:720][  0]LogConfig: Setting CVar [[r.SSS.Quality:1]]
[2021.07.05-12.07.03:720][  0]LogConfig: Setting CVar [[r.SSS.HalfRes:0]]
[2021.07.05-12.07.03:720][  0]LogConfig: Setting CVar [[r.SSGI.Quality:3]]
[2021.07.05-12.07.03:720][  0]LogConfig: Setting CVar [[r.EmitterSpawnRateScale:1.0]]
[2021.07.05-12.07.03:720][  0]LogConfig: Setting CVar [[r.ParticleLightQuality:2]]
[2021.07.05-12.07.03:720][  0]LogConfig: Setting CVar [[r.SkyAtmosphere.AerialPerspectiveLUT.FastApplyOnOpaque:1 ; Always have FastSkyLUT 1 in this case to avoid wrong sky]]
[2021.07.05-12.07.03:720][  0]LogConfig: Setting CVar [[r.SkyAtmosphere.AerialPerspectiveLUT.SampleCountPerSlice:1]]
[2021.07.05-12.07.03:720][  0]LogConfig: Setting CVar [[r.SkyAtmosphere.AerialPerspectiveLUT.DepthResolution:16.0]]
[2021.07.05-12.07.03:720][  0]LogConfig: Setting CVar [[r.SkyAtmosphere.FastSkyLUT:1]]
[2021.07.05-12.07.03:720][  0]LogConfig: Setting CVar [[r.SkyAtmosphere.FastSkyLUT.SampleCountMin:4.0]]
[2021.07.05-12.07.03:720][  0]LogConfig: Setting CVar [[r.SkyAtmosphere.FastSkyLUT.SampleCountMax:32.0]]
[2021.07.05-12.07.03:720][  0]LogConfig: Setting CVar [[r.SkyAtmosphere.SampleCountMin:4.0]]
[2021.07.05-12.07.03:720][  0]LogConfig: Setting CVar [[r.SkyAtmosphere.SampleCountMax:32.0]]
[2021.07.05-12.07.03:720][  0]LogConfig: Setting CVar [[r.SkyAtmosphere.TransmittanceLUT.UseSmallFormat:0]]
[2021.07.05-12.07.03:720][  0]LogConfig: Setting CVar [[r.SkyAtmosphere.TransmittanceLUT.SampleCount:10.0]]
[2021.07.05-12.07.03:721][  0]LogConfig: Setting CVar [[r.SkyAtmosphere.MultiScatteringLUT.SampleCount:15.0]]
[2021.07.05-12.07.03:721][  0]LogConfig: Applying CVar settings from Section [FoliageQuality@3] File [E:/ObjectPool/ObjectPool/Saved/Config/Windows/Scalability.ini]
[2021.07.05-12.07.03:721][  0]LogConfig: Setting CVar [[foliage.DensityScale:1.0]]
[2021.07.05-12.07.03:721][  0]LogConfig: Setting CVar [[grass.DensityScale:1.0]]
[2021.07.05-12.07.03:721][  0]LogConfig: Applying CVar settings from Section [ShadingQuality@3] File [E:/ObjectPool/ObjectPool/Saved/Config/Windows/Scalability.ini]
[2021.07.05-12.07.03:721][  0]LogConfig: Setting CVar [[r.HairStrands.SkyLighting.SampleCount:16]]
[2021.07.05-12.07.03:721][  0]LogConfig: Setting CVar [[r.HairStrands.SkyLighting.JitterIntegration:0]]
[2021.07.05-12.07.03:721][  0]LogConfig: Setting CVar [[r.HairStrands.SkyAO.SampleCount:16]]
[2021.07.05-12.07.03:721][  0]LogConfig: Setting CVar [[r.HairStrands.DeepShadow.SuperSampling:0]]
[2021.07.05-12.07.03:721][  0]LogConfig: Setting CVar [[r.HairStrands.VisibilityPPLL:0]]
[2021.07.05-12.07.03:721][  0]LogConfig: Setting CVar [[r.HairStrands.RasterizationScale:0.5]]
[2021.07.05-12.07.03:721][  0]LogConfig: Setting CVar [[r.HairStrands.VelocityRasterizationScale:1]]
[2021.07.05-12.07.03:721][  0]LogInit: Selected Device Profile: [Windows]
[2021.07.05-12.07.03:721][  0]LogInit: Applying CVar settings loaded from the selected device profile: [Windows]
[2021.07.05-12.07.03:721][  0]LogHAL: Display: Platform has ~ 16 GB [17111003136 / 17179869184 / 16], which maps to Larger [LargestMinGB=32, LargerMinGB=12, DefaultMinGB=8, SmallerMinGB=6, SmallestMinGB=0)
[2021.07.05-12.07.03:721][  0]LogInit: Going up to parent DeviceProfile []
[2021.07.05-12.07.03:721][  0]LogConfig: Applying CVar settings from Section [ViewDistanceQuality@3] File [E:/ObjectPool/ObjectPool/Saved/Config/Windows/Scalability.ini]
[2021.07.05-12.07.03:721][  0]LogConfig: Setting CVar [[r.SkeletalMeshLODBias:0]]
[2021.07.05-12.07.03:721][  0]LogConfig: Setting CVar [[r.ViewDistanceScale:1.0]]
[2021.07.05-12.07.03:721][  0]LogConfig: Applying CVar settings from Section [AntiAliasingQuality@3] File [E:/ObjectPool/ObjectPool/Saved/Config/Windows/Scalability.ini]
[2021.07.05-12.07.03:721][  0]LogConfig: Setting CVar [[r.PostProcessAAQuality:4]]
[2021.07.05-12.07.03:721][  0]LogConfig: Applying CVar settings from Section [ShadowQuality@3] File [E:/ObjectPool/ObjectPool/Saved/Config/Windows/Scalability.ini]
[2021.07.05-12.07.03:721][  0]LogConfig: Setting CVar [[r.LightFunctionQuality:1]]
[2021.07.05-12.07.03:721][  0]LogConfig: Setting CVar [[r.ShadowQuality:5]]
[2021.07.05-12.07.03:721][  0]LogConfig: Setting CVar [[r.Shadow.CSM.MaxCascades:10]]
[2021.07.05-12.07.03:721][  0]LogConfig: Setting CVar [[r.Shadow.MaxResolution:2048]]
[2021.07.05-12.07.03:721][  0]LogConfig: Setting CVar [[r.Shadow.MaxCSMResolution:2048]]
[2021.07.05-12.07.03:721][  0]LogConfig: Setting CVar [[r.Shadow.RadiusThreshold:0.01]]
[2021.07.05-12.07.03:721][  0]LogConfig: Setting CVar [[r.Shadow.DistanceScale:1.0]]
[2021.07.05-12.07.03:721][  0]LogConfig: Setting CVar [[r.Shadow.CSM.TransitionScale:1.0]]
[2021.07.05-12.07.03:721][  0]LogConfig: Setting CVar [[r.Shadow.PreShadowResolutionFactor:1.0]]
[2021.07.05-12.07.03:721][  0]LogConfig: Setting CVar [[r.DistanceFieldShadowing:1]]
[2021.07.05-12.07.03:721][  0]LogConfig: Setting CVar [[r.DistanceFieldAO:1]]
[2021.07.05-12.07.03:721][  0]LogConfig: Setting CVar [[r.AOQuality:2]]
[2021.07.05-12.07.03:721][  0]LogConfig: Setting CVar [[r.VolumetricFog:1]]
[2021.07.05-12.07.03:721][  0]LogConfig: Setting CVar [[r.VolumetricFog.GridPixelSize:8]]
[2021.07.05-12.07.03:721][  0]LogConfig: Setting CVar [[r.VolumetricFog.GridSizeZ:128]]
[2021.07.05-12.07.03:721][  0]LogConfig: Setting CVar [[r.VolumetricFog.HistoryMissSupersampleCount:4]]
[2021.07.05-12.07.03:721][  0]LogConfig: Setting CVar [[r.LightMaxDrawDistanceScale:1]]
[2021.07.05-12.07.03:721][  0]LogConfig: Setting CVar [[r.CapsuleShadows:1]]
[2021.07.05-12.07.03:721][  0]LogConfig: Applying CVar settings from Section [PostProcessQuality@3] File [E:/ObjectPool/ObjectPool/Saved/Config/Windows/Scalability.ini]
[2021.07.05-12.07.03:721][  0]LogConfig: Setting CVar [[r.MotionBlurQuality:4]]
[2021.07.05-12.07.03:721][  0]LogConfig: Setting CVar [[r.AmbientOcclusionMipLevelFactor:0.4]]
[2021.07.05-12.07.03:721][  0]LogConfig: Setting CVar [[r.AmbientOcclusionMaxQuality:100]]
[2021.07.05-12.07.03:721][  0]LogConfig: Setting CVar [[r.AmbientOcclusionLevels:-1]]
[2021.07.05-12.07.03:721][  0]LogConfig: Setting CVar [[r.AmbientOcclusionRadiusScale:1.0]]
[2021.07.05-12.07.03:721][  0]LogConfig: Setting CVar [[r.DepthOfFieldQuality:2]]
[2021.07.05-12.07.03:721][  0]LogConfig: Setting CVar [[r.RenderTargetPoolMin:400]]
[2021.07.05-12.07.03:721][  0]LogConfig: Setting CVar [[r.LensFlareQuality:2]]
[2021.07.05-12.07.03:721][  0]LogConfig: Setting CVar [[r.SceneColorFringeQuality:1]]
[2021.07.05-12.07.03:721][  0]LogConfig: Setting CVar [[r.EyeAdaptationQuality:2]]
[2021.07.05-12.07.03:721][  0]LogConfig: Setting CVar [[r.BloomQuality:5]]
[2021.07.05-12.07.03:721][  0]LogConfig: Setting CVar [[r.FastBlurThreshold:100]]
[2021.07.05-12.07.03:721][  0]LogConfig: Setting CVar [[r.Upscale.Quality:3]]
[2021.07.05-12.07.03:721][  0]LogConfig: Setting CVar [[r.Tonemapper.GrainQuantization:1]]
[2021.07.05-12.07.03:721][  0]LogConfig: Setting CVar [[r.LightShaftQuality:1]]
[2021.07.05-12.07.03:721][  0]LogConfig: Setting CVar [[r.Filter.SizeScale:1]]
[2021.07.05-12.07.03:721][  0]LogConfig: Setting CVar [[r.Tonemapper.Quality:5]]
[2021.07.05-12.07.03:721][  0]LogConfig: Setting CVar [[r.DOF.Gather.AccumulatorQuality:1        ; higher gathering accumulator quality]]
[2021.07.05-12.07.03:721][  0]LogConfig: Setting CVar [[r.DOF.Gather.PostfilterMethod:1          ; Median3x3 postfilering method]]
[2021.07.05-12.07.03:721][  0]LogConfig: Setting CVar [[r.DOF.Gather.EnableBokehSettings:0       ; no bokeh simulation when gathering]]
[2021.07.05-12.07.03:721][  0]LogConfig: Setting CVar [[r.DOF.Gather.RingCount:4                 ; medium number of samples when gathering]]
[2021.07.05-12.07.03:721][  0]LogConfig: Setting CVar [[r.DOF.Scatter.ForegroundCompositing:1    ; additive foreground scattering]]
[2021.07.05-12.07.03:721][  0]LogConfig: Setting CVar [[r.DOF.Scatter.BackgroundCompositing:2    ; additive background scattering]]
[2021.07.05-12.07.03:721][  0]LogConfig: Setting CVar [[r.DOF.Scatter.EnableBokehSettings:1      ; bokeh simulation when scattering]]
[2021.07.05-12.07.03:721][  0]LogConfig: Setting CVar [[r.DOF.Scatter.MaxSpriteRatio:0.1         ; only a maximum of 10% of scattered bokeh]]
[2021.07.05-12.07.03:721][  0]LogConfig: Setting CVar [[r.DOF.Recombine.Quality:1                ; cheap slight out of focus]]
[2021.07.05-12.07.03:721][  0]LogConfig: Setting CVar [[r.DOF.Recombine.EnableBokehSettings:0    ; no bokeh simulation on slight out of focus]]
[2021.07.05-12.07.03:721][  0]LogConfig: Setting CVar [[r.DOF.TemporalAAQuality:1                ; more stable temporal accumulation]]
[2021.07.05-12.07.03:721][  0]LogConfig: Setting CVar [[r.DOF.Kernel.MaxForegroundRadius:0.025]]
[2021.07.05-12.07.03:721][  0]LogConfig: Setting CVar [[r.DOF.Kernel.MaxBackgroundRadius:0.025]]
[2021.07.05-12.07.03:721][  0]LogConfig: Applying CVar settings from Section [TextureQuality@3] File [E:/ObjectPool/ObjectPool/Saved/Config/Windows/Scalability.ini]
[2021.07.05-12.07.03:721][  0]LogConfig: Setting CVar [[r.Streaming.MipBias:0]]
[2021.07.05-12.07.03:721][  0]LogConfig: Setting CVar [[r.Streaming.AmortizeCPUToGPUCopy:0]]
[2021.07.05-12.07.03:721][  0]LogConfig: Setting CVar [[r.Streaming.MaxNumTexturesToStreamPerFrame:0]]
[2021.07.05-12.07.03:721][  0]LogConfig: Setting CVar [[r.Streaming.Boost:1]]
[2021.07.05-12.07.03:721][  0]LogConfig: Setting CVar [[r.MaxAnisotropy:8]]
[2021.07.05-12.07.03:721][  0]LogConfig: Setting CVar [[r.VT.MaxAnisotropy:8]]
[2021.07.05-12.07.03:721][  0]LogConfig: Setting CVar [[r.Streaming.LimitPoolSizeToVRAM:0]]
[2021.07.05-12.07.03:721][  0]LogConfig: Setting CVar [[r.Streaming.PoolSize:1000]]
[2021.07.05-12.07.03:721][  0]LogConfig: Setting CVar [[r.Streaming.MaxEffectiveScreenSize:0]]
[2021.07.05-12.07.03:721][  0]LogConfig: Applying CVar settings from Section [EffectsQuality@3] File [E:/ObjectPool/ObjectPool/Saved/Config/Windows/Scalability.ini]
[2021.07.05-12.07.03:721][  0]LogConfig: Setting CVar [[r.TranslucencyLightingVolumeDim:64]]
[2021.07.05-12.07.03:721][  0]LogConfig: Setting CVar [[r.RefractionQuality:2]]
[2021.07.05-12.07.03:721][  0]LogConfig: Setting CVar [[r.SSR.Quality:3]]
[2021.07.05-12.07.03:721][  0]LogConfig: Setting CVar [[r.SSR.HalfResSceneColor:0]]
[2021.07.05-12.07.03:722][  0]LogConfig: Setting CVar [[r.SceneColorFormat:4]]
[2021.07.05-12.07.03:722][  0]LogConfig: Setting CVar [[r.DetailMode:2]]
[2021.07.05-12.07.03:722][  0]LogConfig: Setting CVar [[r.TranslucencyVolumeBlur:1]]
[2021.07.05-12.07.03:722][  0]LogConfig: Setting CVar [[r.MaterialQualityLevel:1 ; High quality]]
[2021.07.05-12.07.03:722][  0]LogConfig: Setting CVar [[r.SSS.Scale:1]]
[2021.07.05-12.07.03:722][  0]LogConfig: Setting CVar [[r.SSS.SampleSet:2]]
[2021.07.05-12.07.03:722][  0]LogConfig: Setting CVar [[r.SSS.Quality:1]]
[2021.07.05-12.07.03:722][  0]LogConfig: Setting CVar [[r.SSS.HalfRes:0]]
[2021.07.05-12.07.03:722][  0]LogConfig: Setting CVar [[r.SSGI.Quality:3]]
[2021.07.05-12.07.03:722][  0]LogConfig: Setting CVar [[r.EmitterSpawnRateScale:1.0]]
[2021.07.05-12.07.03:722][  0]LogConfig: Setting CVar [[r.ParticleLightQuality:2]]
[2021.07.05-12.07.03:722][  0]LogConfig: Setting CVar [[r.SkyAtmosphere.AerialPerspectiveLUT.FastApplyOnOpaque:1 ; Always have FastSkyLUT 1 in this case to avoid wrong sky]]
[2021.07.05-12.07.03:722][  0]LogConfig: Setting CVar [[r.SkyAtmosphere.AerialPerspectiveLUT.SampleCountPerSlice:1]]
[2021.07.05-12.07.03:722][  0]LogConfig: Setting CVar [[r.SkyAtmosphere.AerialPerspectiveLUT.DepthResolution:16.0]]
[2021.07.05-12.07.03:722][  0]LogConfig: Setting CVar [[r.SkyAtmosphere.FastSkyLUT:1]]
[2021.07.05-12.07.03:722][  0]LogConfig: Setting CVar [[r.SkyAtmosphere.FastSkyLUT.SampleCountMin:4.0]]
[2021.07.05-12.07.03:722][  0]LogConfig: Setting CVar [[r.SkyAtmosphere.FastSkyLUT.SampleCountMax:32.0]]
[2021.07.05-12.07.03:722][  0]LogConfig: Setting CVar [[r.SkyAtmosphere.SampleCountMin:4.0]]
[2021.07.05-12.07.03:722][  0]LogConfig: Setting CVar [[r.SkyAtmosphere.SampleCountMax:32.0]]
[2021.07.05-12.07.03:722][  0]LogConfig: Setting CVar [[r.SkyAtmosphere.TransmittanceLUT.UseSmallFormat:0]]
[2021.07.05-12.07.03:722][  0]LogConfig: Setting CVar [[r.SkyAtmosphere.TransmittanceLUT.SampleCount:10.0]]
[2021.07.05-12.07.03:722][  0]LogConfig: Setting CVar [[r.SkyAtmosphere.MultiScatteringLUT.SampleCount:15.0]]
[2021.07.05-12.07.03:722][  0]LogConfig: Applying CVar settings from Section [FoliageQuality@3] File [E:/ObjectPool/ObjectPool/Saved/Config/Windows/Scalability.ini]
[2021.07.05-12.07.03:722][  0]LogConfig: Setting CVar [[foliage.DensityScale:1.0]]
[2021.07.05-12.07.03:722][  0]LogConfig: Setting CVar [[grass.DensityScale:1.0]]
[2021.07.05-12.07.03:722][  0]LogConfig: Applying CVar settings from Section [ShadingQuality@3] File [E:/ObjectPool/ObjectPool/Saved/Config/Windows/Scalability.ini]
[2021.07.05-12.07.03:722][  0]LogConfig: Setting CVar [[r.HairStrands.SkyLighting.SampleCount:16]]
[2021.07.05-12.07.03:722][  0]LogConfig: Setting CVar [[r.HairStrands.SkyLighting.JitterIntegration:0]]
[2021.07.05-12.07.03:722][  0]LogConfig: Setting CVar [[r.HairStrands.SkyAO.SampleCount:16]]
[2021.07.05-12.07.03:722][  0]LogConfig: Setting CVar [[r.HairStrands.DeepShadow.SuperSampling:0]]
[2021.07.05-12.07.03:722][  0]LogConfig: Setting CVar [[r.HairStrands.VisibilityPPLL:0]]
[2021.07.05-12.07.03:722][  0]LogConfig: Setting CVar [[r.HairStrands.RasterizationScale:0.5]]
[2021.07.05-12.07.03:722][  0]LogConfig: Setting CVar [[r.HairStrands.VelocityRasterizationScale:1]]
[2021.07.05-12.07.03:722][  0]LogConfig: Applying CVar settings from Section [Startup] File [../../../Engine/Config/ConsoleVariables.ini]
[2021.07.05-12.07.03:722][  0]LogConfig: Setting CVar [[net.UseAdaptiveNetUpdateFrequency:0]]
[2021.07.05-12.07.03:722][  0]LogConfig: Setting CVar [[p.chaos.AllowCreatePhysxBodies:1]]
[2021.07.05-12.07.03:722][  0]LogConfig: Setting CVar [[fx.SkipVectorVMBackendOptimizations:1]]
[2021.07.05-12.07.03:722][  0]LogConfig: Applying CVar settings from Section [ConsoleVariables] File [E:/ObjectPool/ObjectPool/Saved/Config/Windows/Engine.ini]
[2021.07.05-12.07.03:723][  0]LogInit: Computer: DESKTOP-77GVSFG
[2021.07.05-12.07.03:723][  0]LogInit: User: ManDu
[2021.07.05-12.07.03:723][  0]LogInit: CPU Page size=4096, Cores=6
[2021.07.05-12.07.03:723][  0]LogInit: High frequency timer resolution =10.000000 MHz
[2021.07.05-12.07.03:723][  0]LogMemory: Memory total: Physical=15.9GB (16GB approx)
[2021.07.05-12.07.03:723][  0]LogMemory: Platform Memory Stats for Windows
[2021.07.05-12.07.03:723][  0]LogMemory: Process Physical Memory: 116.89 MB used, 116.90 MB peak
[2021.07.05-12.07.03:723][  0]LogMemory: Process Virtual Memory: 98.39 MB used, 98.39 MB peak
[2021.07.05-12.07.03:723][  0]LogMemory: Physical Memory: 8207.23 MB used,  8111.09 MB free, 16318.32 MB total
[2021.07.05-12.07.03:723][  0]LogMemory: Virtual Memory: 5167.73 MB used,  134212560.00 MB free, 134217728.00 MB total
[2021.07.05-12.07.03:728][  0]LogWindows: WindowsPlatformFeatures enabled
[2021.07.05-12.07.03:749][  0]LogInit: Physics initialised using underlying interface: PhysX
[2021.07.05-12.07.03:749][  0]LogInit: Using OS detected language (ko-KR).
[2021.07.05-12.07.03:749][  0]LogInit: Using OS detected locale (ko-KR).
[2021.07.05-12.07.03:751][  0]LogTextLocalizationManager: No specific localization for 'ko-KR' exists, so the 'ko' localization will be used.
[2021.07.05-12.07.03:828][  0]LogInit: Setting process to per monitor DPI aware
[2021.07.05-12.07.03:879][  0]LogSlate: New Slate User Created.  User Index 0, Is Virtual User: 0
[2021.07.05-12.07.03:879][  0]LogSlate: Slate User Registered.  User Index 0, Is Virtual User: 0
[2021.07.05-12.07.03:992][  0]LogHMD: Failed to initialize OpenVR with code 110
[2021.07.05-12.07.03:992][  0]LogD3D11RHI: D3D11 min allowed feature level: 11_0
[2021.07.05-12.07.03:992][  0]LogD3D11RHI: D3D11 max allowed feature level: 11_0
[2021.07.05-12.07.03:992][  0]LogD3D11RHI: D3D11 adapters:
[2021.07.05-12.07.04:087][  0]LogD3D11RHI:    0. 'NVIDIA GeForce RTX 2060 SUPER' (Feature Level 11_0)
[2021.07.05-12.07.04:087][  0]LogD3D11RHI:       8031/0/8159 MB DedicatedVideo/DedicatedSystem/SharedSystem, Outputs:2, VendorId:0x10de
[2021.07.05-12.07.04:090][  0]LogD3D11RHI:    1. 'Microsoft Basic Render Driver' (Feature Level 11_0)
[2021.07.05-12.07.04:090][  0]LogD3D11RHI:       0/0/8159 MB DedicatedVideo/DedicatedSystem/SharedSystem, Outputs:0, VendorId:0x1414
[2021.07.05-12.07.04:090][  0]LogD3D11RHI: Chosen D3D11 Adapter: 0
[2021.07.05-12.07.04:097][  0]LogD3D11RHI: Creating new Direct3DDevice
[2021.07.05-12.07.04:097][  0]LogD3D11RHI:     GPU DeviceId: 0x1f06 (for the marketing name, search the web for "GPU Device Id")
[2021.07.05-12.07.04:097][  0]LogWindows: EnumDisplayDevices:
[2021.07.05-12.07.04:097][  0]LogWindows:    0. 'NVIDIA GeForce RTX 2060 SUPER' (P:1 D:1)
[2021.07.05-12.07.04:098][  0]LogWindows:    1. 'NVIDIA GeForce RTX 2060 SUPER' (P:0 D:1)
[2021.07.05-12.07.04:098][  0]LogWindows:    2. 'NVIDIA GeForce RTX 2060 SUPER' (P:0 D:0)
[2021.07.05-12.07.04:098][  0]LogWindows:    3. 'NVIDIA GeForce RTX 2060 SUPER' (P:0 D:0)
[2021.07.05-12.07.04:098][  0]LogWindows: DebugString: FoundDriverCount:4 
[2021.07.05-12.07.04:098][  0]LogD3D11RHI:     Adapter Name: NVIDIA GeForce RTX 2060 SUPER
[2021.07.05-12.07.04:098][  0]LogD3D11RHI:   Driver Version: 456.71 (internal:27.21.14.5671, unified:456.71)
[2021.07.05-12.07.04:098][  0]LogD3D11RHI:      Driver Date: 9-30-2020
[2021.07.05-12.07.04:098][  0]LogRHI: Texture pool is 5621 MB (70% of 8031 MB)
[2021.07.05-12.07.04:161][  0]LogD3D11RHI: RHI has support for 64 bit atomics
[2021.07.05-12.07.04:161][  0]LogD3D11RHI: Async texture creation enabled
[2021.07.05-12.07.04:161][  0]LogD3D11RHI: Array index from any shader is supported
[2021.07.05-12.07.04:202][  0]LogD3D11RHI: GPU Timing Frequency: 1000.000000 (Debug: 2 2)
[2021.07.05-12.07.04:445][  0]LogTargetPlatformManager: Display: Loaded TargetPlatform 'AllDesktop'
[2021.07.05-12.07.04:464][  0]LogTargetPlatformManager: Display: Loaded TargetPlatform 'Android'
[2021.07.05-12.07.04:464][  0]LogTargetPlatformManager: Display: Loaded TargetPlatform 'Android_ASTC'
[2021.07.05-12.07.04:464][  0]LogTargetPlatformManager: Display: Loaded TargetPlatform 'Android_DXT'
[2021.07.05-12.07.04:464][  0]LogTargetPlatformManager: Display: Loaded TargetPlatform 'Android_ETC2'
[2021.07.05-12.07.04:464][  0]LogTargetPlatformManager: Display: Loaded TargetPlatform 'AndroidClient'
[2021.07.05-12.07.04:464][  0]LogTargetPlatformManager: Display: Loaded TargetPlatform 'Android_ASTCClient'
[2021.07.05-12.07.04:464][  0]LogTargetPlatformManager: Display: Loaded TargetPlatform 'Android_DXTClient'
[2021.07.05-12.07.04:464][  0]LogTargetPlatformManager: Display: Loaded TargetPlatform 'Android_ETC2Client'
[2021.07.05-12.07.04:464][  0]LogTargetPlatformManager: Display: Loaded TargetPlatform 'Android_Multi'
[2021.07.05-12.07.04:464][  0]LogTargetPlatformManager: Display: Loaded TargetPlatform 'Android_MultiClient'
[2021.07.05-12.07.04:486][  0]LogTargetPlatformManager: Display: Loaded TargetPlatform 'IOSClient'
[2021.07.05-12.07.04:486][  0]LogTargetPlatformManager: Display: Loaded TargetPlatform 'IOS'
[2021.07.05-12.07.04:496][  0]LogTargetPlatformManager: Display: Loaded TargetPlatform 'Linux'
[2021.07.05-12.07.04:505][  0]LogTargetPlatformManager: Display: Loaded TargetPlatform 'LinuxNoEditor'
[2021.07.05-12.07.04:514][  0]LogTargetPlatformManager: Display: Loaded TargetPlatform 'LinuxClient'
[2021.07.05-12.07.04:522][  0]LogTargetPlatformManager: Display: Loaded TargetPlatform 'LinuxServer'
[2021.07.05-12.07.04:532][  0]LogTargetPlatformManager: Display: Loaded TargetPlatform 'LinuxAArch64NoEditor'
[2021.07.05-12.07.04:541][  0]LogTargetPlatformManager: Display: Loaded TargetPlatform 'LinuxAArch64Client'
[2021.07.05-12.07.04:550][  0]LogTargetPlatformManager: Display: Loaded TargetPlatform 'LinuxAArch64Server'
[2021.07.05-12.07.04:576][  0]LogTargetPlatformManager: Display: Loaded TargetPlatform 'Lumin'
[2021.07.05-12.07.04:576][  0]LogTargetPlatformManager: Display: Loaded TargetPlatform 'LuminClient'
[2021.07.05-12.07.04:591][  0]LogTargetPlatformManager: Display: Loaded TargetPlatform 'TVOSClient'
[2021.07.05-12.07.04:591][  0]LogTargetPlatformManager: Display: Loaded TargetPlatform 'TVOS'
[2021.07.05-12.07.04:601][  0]LogTargetPlatformManager: Display: Loaded TargetPlatform 'WindowsNoEditor'
[2021.07.05-12.07.04:610][  0]LogTargetPlatformManager: Display: Loaded TargetPlatform 'Windows'
[2021.07.05-12.07.04:620][  0]LogTargetPlatformManager: Display: Loaded TargetPlatform 'WindowsClient'
[2021.07.05-12.07.04:629][  0]LogTargetPlatformManager: Display: Loaded TargetPlatform 'WindowsServer'
[2021.07.05-12.07.04:629][  0]LogTargetPlatformManager: Display: Building Assets For Windows
[2021.07.05-12.07.04:634][  0]LogAudioDebug: Display: Lib vorbis DLL was dynamically loaded.
[2021.07.05-12.07.04:679][  0]LogShaderCompilers: Guid format shader working directory is 22 characters bigger than the processId version (E:/ObjectPool/ObjectPool/Intermediate/Shaders/WorkingDirectory/9424/).
[2021.07.05-12.07.04:679][  0]LogShaderCompilers: Cleaned the shader compiler working directory 'C:/Users/ManDu/AppData/Local/Temp/UnrealShaderWorkingDir/020A8B444E7A1BF8605FFD85A005FB16/'.
[2021.07.05-12.07.04:679][  0]LogXGEController: Cannot use XGE Controller as Incredibuild is not installed on this machine.
[2021.07.05-12.07.04:679][  0]LogShaderCompilers: Cannot use XGE Shader Compiler as Incredibuild is not installed on this machine.
[2021.07.05-12.07.04:679][  0]LogShaderCompilers: Display: Using Local Shader Compiler.
[2021.07.05-12.07.05:280][  0]LogDerivedDataCache: Display: Max Cache Size: 512 MB
[2021.07.05-12.07.05:316][  0]LogDerivedDataCache: Loaded boot cache 0.04s 76MB C:/Users/ManDu/AppData/Local/UnrealEngine/4.25/DerivedDataCache/Boot.ddc.
[2021.07.05-12.07.05:316][  0]LogDerivedDataCache: Display: Loaded Boot cache: C:/Users/ManDu/AppData/Local/UnrealEngine/4.25/DerivedDataCache/Boot.ddc
[2021.07.05-12.07.05:316][  0]LogDerivedDataCache: FDerivedDataBackendGraph:  Pak pak cache file E:/ObjectPool/ObjectPool/DerivedDataCache/DDC.ddp not found, will not use a pak cache.
[2021.07.05-12.07.05:316][  0]LogDerivedDataCache: Unable to find inner node Pak for hierarchical cache Hierarchy.
[2021.07.05-12.07.05:316][  0]LogDerivedDataCache: FDerivedDataBackendGraph:  CompressedPak pak cache file E:/ObjectPool/ObjectPool/DerivedDataCache/Compressed.ddp not found, will not use a pak cache.
[2021.07.05-12.07.05:316][  0]LogDerivedDataCache: Unable to find inner node CompressedPak for hierarchical cache Hierarchy.
[2021.07.05-12.07.05:326][  0]LogDerivedDataCache: Display: Pak cache opened for reading ../../../Engine/DerivedDataCache/Compressed.ddp.
[2021.07.05-12.07.05:326][  0]LogDerivedDataCache: FDerivedDataBackendGraph:  EnterprisePak pak cache file ../../../Enterprise/DerivedDataCache/Compressed.ddp not found, will not use a pak cache.
[2021.07.05-12.07.05:326][  0]LogDerivedDataCache: Unable to find inner node EnterprisePak for hierarchical cache Hierarchy.
[2021.07.05-12.07.05:327][  0]LogDerivedDataCache: Using Local data cache path C:/Users/ManDu/AppData/Local/UnrealEngine/Common/DerivedDataCache: Writable
[2021.07.05-12.07.05:327][  0]LogDerivedDataCache: Shared data cache path not found in *engine.ini, will not use an Shared cache.
[2021.07.05-12.07.05:327][  0]LogDerivedDataCache: Unable to find inner node Shared for hierarchical cache Hierarchy.
[2021.07.05-12.07.05:367][  0]LogSlate: Using FreeType 2.10.0
[2021.07.05-12.07.05:368][  0]LogSlate: SlateFontServices - WITH_FREETYPE: 1, WITH_HARFBUZZ: 1
[2021.07.05-12.07.05:387][  0]LogAssetRegistry: FAssetRegistry took 0.0027 seconds to start up
[2021.07.05-12.07.05:580][  0]LogInit: Selected Device Profile: [Windows]
[2021.07.05-12.07.05:665][  0]LogMeshReduction: Using QuadricMeshReduction for automatic static mesh reduction
[2021.07.05-12.07.05:665][  0]LogMeshReduction: Using SimplygonMeshReduction for automatic skeletal mesh reduction
[2021.07.05-12.07.05:665][  0]LogMeshReduction: Using ProxyLODMeshReduction for automatic mesh merging
[2021.07.05-12.07.05:665][  0]LogMeshReduction: No distributed automatic mesh merging module available
[2021.07.05-12.07.05:666][  0]LogMeshMerging: No distributed automatic mesh merging module available
[2021.07.05-12.07.05:678][  0]LogNetVersion: ObjectPool 1.0.0, NetCL: 13144385, EngineNetVer: 14, GameNetVer: 0 (Checksum: 3591763929)
[2021.07.05-12.07.06:036][  0]LogAISub: UAISubsystem::UAISubsystem AISubsystem (0000015F3194D400), frame # 0
[2021.07.05-12.07.06:036][  0]LogAISub: UAISubsystem::UAISubsystem AIPerceptionSystem (0000015F318AAAC0), frame # 0
[2021.07.05-12.07.06:037][  0]LogAISub: UAISubsystem::UAISubsystem EnvQueryManager (0000015F318EDE00), frame # 0
[2021.07.05-12.07.06:069][  0]LogPackageLocalizationCache: Processed 19 localized package path(s) for 1 prioritized culture(s) in 0.027747 seconds
[2021.07.05-12.07.06:075][  0]LogUObjectArray: 15917 objects as part of root set at end of initial load.
[2021.07.05-12.07.06:075][  0]LogUObjectAllocator: 3965568 out of 0 bytes used by permanent object pool.
[2021.07.05-12.07.06:075][  0]LogUObjectArray: CloseDisregardForGC: 0/0 objects in disregard for GC pool
[2021.07.05-12.07.06:347][  0]LogTcpMessaging: Initializing TcpMessaging bridge
[2021.07.05-12.07.06:350][  0]LogUdpMessaging: Initializing bridge on interface 0.0.0.0:0 to multicast group 230.0.0.1:6666.
[2021.07.05-12.07.06:396][  0]LogLinker: Warning: '{FileName}': 파일을 찾을 수 없습니다. 로드에 실패했습니다.
[2021.07.05-12.07.06:396][  0]LogLinker: Warning: '{FileName}': 파일을 찾을 수 없습니다. 로드에 실패했습니다.
[2021.07.05-12.07.06:396][  0]LogUObjectGlobals: Warning: 'Class /Game/TopDownBP/TopDownOverview.TopDownOverview_C' 오브젝트를 찾는 데 실패했습니다.
[2021.07.05-12.07.06:422][  0]SourceControl: 소스 컨트롤이 꺼졌습니다.
[2021.07.05-12.07.06:422][  0]SourceControl: 소스 컨트롤이 꺼졌습니다.
[2021.07.05-12.07.06:425][  0]SourceControl: 소스 컨트롤이 꺼졌습니다.
[2021.07.05-12.07.06:427][  0]SourceControl: 소스 컨트롤이 꺼졌습니다.
[2021.07.05-12.07.06:432][  0]SourceControl: 소스 컨트롤이 꺼졌습니다.
[2021.07.05-12.07.06:637][  0]LogAndroidPermission: UAndroidPermissionCallbackProxy::GetInstance
[2021.07.05-12.07.06:653][  0]LogAudioCaptureCore: Display: No Audio Capture implementations found. Audio input will be silent.
[2021.07.05-12.07.06:654][  0]LogAudioCaptureCore: Display: No Audio Capture implementations found. Audio input will be silent.
[2021.07.05-12.07.06:693][  0]LogOcInput: OculusInput pre-init called
[2021.07.05-12.07.06:703][  0]LogWindows: Failed to load 'OVRPlugin.dll' (GetLastError=126)
[2021.07.05-12.07.06:703][  0]LogWindows: File 'OVRPlugin.dll' does not exist
[2021.07.05-12.07.06:754][  0]LogEngine: Initializing Engine...
[2021.07.05-12.07.06:755][  0]LogHMD: Failed to initialize OpenVR with code 110
[2021.07.05-12.07.06:756][  0]LogMagicLeap: Warning: VR disabled because ZI is not enabled.  To enable, in the editor, Edit -> Project Settings -> Plugins -> Magic Leap Plugin -> Enable Zero Iteration
[2021.07.05-12.07.06:756][  0]LogStats: UGameplayTagsManager::InitializeManager -  0.000 s
[2021.07.05-12.07.06:841][  0]LogInit: Initializing FReadOnlyCVARCache
[2021.07.05-12.07.06:847][  0]LogAIModule: Creating AISystem for world Untitled
[2021.07.05-12.07.06:847][  0]LogAISub: UAISubsystem::UAISubsystem EnvQueryManager (0000015F3937FC00), frame # 0
[2021.07.05-12.07.06:847][  0]LogAISub: UAISubsystem::UAISubsystem AIPerceptionSystem (0000015F383BE480), frame # 0
[2021.07.05-12.07.06:858][  0]LogAudioMixer: Display: Audio Mixer Platform Settings:
[2021.07.05-12.07.06:859][  0]LogAudioMixer: Display: 	Sample Rate:						  48000
[2021.07.05-12.07.06:859][  0]LogAudioMixer: Display: 	Callback Buffer Frame Size Requested: 1024
[2021.07.05-12.07.06:859][  0]LogAudioMixer: Display: 	Callback Buffer Frame Size To Use:	  1024
[2021.07.05-12.07.06:859][  0]LogAudioMixer: Display: 	Number of buffers to queue:			  2
[2021.07.05-12.07.06:859][  0]LogAudioMixer: Display: 	Max Channels (voices):				  32
[2021.07.05-12.07.06:859][  0]LogAudioMixer: Display: 	Number of Async Source Workers:		  0
[2021.07.05-12.07.06:859][  0]LogAudio: Display: AudioDevice MaxSources: 32
[2021.07.05-12.07.06:859][  0]LogAudio: Display: Using built-in audio occlusion.
[2021.07.05-12.07.06:859][  0]LogAudioMixer: Display: Initializing audio mixer.
[2021.07.05-12.07.06:868][  0]LogAudioMixer: Display: 0: FrontLeft
[2021.07.05-12.07.06:868][  0]LogAudioMixer: Display: 1: FrontRight
[2021.07.05-12.07.06:894][  0]LogAudioMixer: Display: Using Audio Device 스피커(Realtek(R) Audio)
[2021.07.05-12.07.06:896][  0]LogAudioMixer: Display: Initializing Sound Submixes...
[2021.07.05-12.07.06:898][  0]LogAudioMixer: Display: Creating Master Submix 'MasterSubmixDefault'
[2021.07.05-12.07.06:898][  0]LogAudioMixer: Display: Creating Master Submix 'MasterReverbSubmixDefault'
[2021.07.05-12.07.06:899][  0]LogAudioMixer: Display: Creating Master Submix 'MasterEQSubmixDefault'
[2021.07.05-12.07.06:899][  0]LogInit: FAudioDevice initialized.
[2021.07.05-12.07.06:900][  0]LogNetVersion: Set ProjectVersion to 1.0.0.0. Version Checksum will be recalculated on next use.
[2021.07.05-12.07.06:940][  0]LogDerivedDataCache: Saved boot cache 0.04s 76MB C:/Users/ManDu/AppData/Local/UnrealEngine/4.25/DerivedDataCache/Boot.ddc.
[2021.07.05-12.07.06:941][  0]LogInit: Texture streaming: Enabled
[2021.07.05-12.07.06:953][  0]LogEngineSessionManager: EngineSessionManager initialized
[2021.07.05-12.07.06:953][  0]LogEditorSessionSummary: Verbose: Initializing EditorSessionSummaryWriter for editor session tracking
[2021.07.05-12.07.06:954][  0]LogEditorSessionSummary: EditorSessionSummaryWriter initialized
[2021.07.05-12.07.06:982][  0]LogInit: Transaction tracking system initialized
[2021.07.05-12.07.06:998][  0]BlueprintLog: New page: 에디터 로드
[2021.07.05-12.07.07:047][  0]LocalizationService: 현지화 서비스가 비활성화되었습니다.
[2021.07.05-12.07.07:159][  0]LogCook: Display: Max memory allowance for cook 16384mb min free memory 0mb
[2021.07.05-12.07.07:160][  0]LogCook: Display: Mobile HDR setting 1
[2021.07.05-12.07.07:191][  0]LogFileCache: Scanning file cache for directory 'E:/ObjectPool/ObjectPool/Content/' took 0.00s
[2021.07.05-12.07.07:414][  0]SourceControl: 소스 컨트롤이 꺼졌습니다.
[2021.07.05-12.07.07:511][  0]LogSlate: Took 0.001148 seconds to synchronously load lazily loaded font '../../../Engine/Content/Editor/Slate/Fonts/NanumGothic.ttf' (4243K)
[2021.07.05-12.07.07:511][  0]LogSlate: Took 0.000086 seconds to synchronously load lazily loaded font '../../../Engine/Content/Slate/Fonts/Roboto-Regular.ttf' (155K)
[2021.07.05-12.07.09:736][  0]LogSlate: Window '패키지 복원' being destroyed
[2021.07.05-12.07.09:739][  0]LogWindowsTextInputMethodSystem: Display: IME system now activated using TSF (Microsoft 입력기).
[2021.07.05-12.07.09:761][  0]LogWindowsTextInputMethodSystem: Display: IME system now activated using TSF (Microsoft 입력기).
[2021.07.05-12.07.09:762][  0]LogUnrealEdMisc: Loading editor; pre map load, took 7.213
[2021.07.05-12.07.09:763][  0]Cmd: MAP LOAD FILE="E:/ObjectPool/ObjectPool/Content/MobileStarterContent/Maps/Minimal_Default.umap" TEMPLATE=0 SHOWPROGRESS=1 FEATURELEVEL=3
[2021.07.05-12.07.09:763][  0]LightingResults: New page: 라이팅 빌드
[2021.07.05-12.07.09:764][  0]LogWorld: UWorld::CleanupWorld for Untitled, bSessionEnded=true, bCleanupResources=true
[2021.07.05-12.07.09:764][  0]LogSlate: InvalidateAllWidgets triggered.  All widgets were invalidated
[2021.07.05-12.07.09:764][  0]MapCheck: New page: 맵 체크
[2021.07.05-12.07.09:764][  0]LightingResults: New page: 라이팅 빌드
[2021.07.05-12.07.09:783][  0]LogAISub: UAISubsystem::~UAISubsystem EnvQueryManager (0000015F3937FC00), frame # 0
[2021.07.05-12.07.09:783][  0]LogAISub: UAISubsystem::~UAISubsystem AIPerceptionSystem (0000015F383BE480), frame # 0
[2021.07.05-12.07.09:784][  0]LogUObjectHash: Compacting FUObjectHashTables data took   0.82ms
[2021.07.05-12.07.09:868][  0]LogAIModule: Creating AISystem for world Minimal_Default
[2021.07.05-12.07.09:868][  0]LogAISub: UAISubsystem::UAISubsystem EnvQueryManager (0000015F40243E00), frame # 0
[2021.07.05-12.07.09:868][  0]LogAISub: UAISubsystem::UAISubsystem AIPerceptionSystem (0000015F38DCF4C0), frame # 0
[2021.07.05-12.07.09:873][  0]LogEditorServer: Finished looking for orphan Actors (0.000 secs)
[2021.07.05-12.07.09:884][  0]LogUObjectHash: Compacting FUObjectHashTables data took   0.71ms
[2021.07.05-12.07.09:889][  0]Cmd: MAP CHECKDEP NOCLEARLOG
[2021.07.05-12.07.09:889][  0]MapCheck: 맵 체크 완료: 오류 0 회, 경고 0 회, 소요 시간 0.092ms.
[2021.07.05-12.07.09:890][  0]LogFileHelpers: Loading map 'Minimal_Default' took 0.127
[2021.07.05-12.07.09:891][  0]LogUnrealEdMisc: Total Editor Startup Time, took 7.342
[2021.07.05-12.07.09:993][  0]LogSlate: Updating window title bar state: overlay mode, drag disabled, window buttons hidden, title bar hidden
[2021.07.05-12.07.09:999][  0]LogSlate: Updating window title bar state: overlay mode, drag disabled, window buttons hidden, title bar hidden
[2021.07.05-12.07.10:004][  0]LogSlate: Updating window title bar state: overlay mode, drag disabled, window buttons hidden, title bar hidden
[2021.07.05-12.07.10:010][  0]LogSlate: Updating window title bar state: overlay mode, drag disabled, window buttons hidden, title bar hidden
[2021.07.05-12.07.10:017][  0]LogCollectionManager: Loaded 0 collections in 0.002225 seconds
[2021.07.05-12.07.10:034][  0]LogFileCache: Scanning file cache for directory 'E:/ObjectPool/ObjectPool/Saved/Collections/' took 0.00s
[2021.07.05-12.07.10:034][  0]LogFileCache: Scanning file cache for directory 'E:/ObjectPool/ObjectPool/Content/Developers/ManDu/Collections/' took 0.00s
[2021.07.05-12.07.10:034][  0]LogFileCache: Scanning file cache for directory 'E:/ObjectPool/ObjectPool/Content/Collections/' took 0.00s
[2021.07.05-12.07.10:034][  0]LogContentBrowser: Native class hierarchy populated in 0.0088 seconds. Added 3431 classes and 823 folders.
[2021.07.05-12.07.10:038][  0]LogContentBrowser: Native class hierarchy updated for 'WidgetCarousel' in 0.0003 seconds. Added 0 classes and 0 folders.
[2021.07.05-12.07.10:349][  0]LogContentBrowser: Native class hierarchy updated for 'AddContentDialog' in 0.0003 seconds. Added 0 classes and 0 folders.
[2021.07.05-12.07.10:355][  0]LogContentBrowser: Native class hierarchy updated for 'SceneOutliner' in 0.0004 seconds. Added 2 classes and 0 folders.
[2021.07.05-12.07.10:804][  0]LogSlate: Took 0.001287 seconds to synchronously load lazily loaded font '../../../Engine/Content/Editor/Slate/Fonts/NanumGothicBold.ttf' (4188K)
[2021.07.05-12.07.10:804][  0]LogSlate: Took 0.000097 seconds to synchronously load lazily loaded font '../../../Engine/Content/Slate/Fonts/Roboto-Bold.ttf' (160K)
[2021.07.05-12.07.10:814][  0]LogSlate: Took 0.006457 seconds to synchronously load lazily loaded font '../../../Engine/Content/Editor/Slate/Fonts/FontAwesome.ttf' (139K)
[2021.07.05-12.07.10:816][  0]LogSlate: Took 0.000483 seconds to synchronously load lazily loaded font '../../../Engine/Content/Slate/Fonts/DroidSansMono.ttf' (77K)
[2021.07.05-12.07.10:861][  0]LogSlate: Took 0.007252 seconds to synchronously load lazily loaded font '../../../Engine/Content/Editor/Slate/Fonts/NanumGothicExtraBold.ttf' (4074K)
[2021.07.05-12.07.10:897][  0]LogRenderer: Reallocating scene render targets to support 1216x584 Format 10 NumSamples 1 (Frame:1).
[2021.07.05-12.07.10:924][  0]LogSlate: Took 0.000547 seconds to synchronously load lazily loaded font '../../../Engine/Content/Slate/Fonts/Roboto-Light.ttf' (167K)
[2021.07.05-12.07.10:952][  0]LogContentBrowser: Native class hierarchy updated for 'HierarchicalLODOutliner' in 0.0003 seconds. Added 0 classes and 0 folders.
[2021.07.05-12.07.10:952][  0]LogLoad: (Engine Initialization) Total time: 8.40 seconds
[2021.07.05-12.07.10:952][  0]LogLoad: (Engine Initialization) Total Blueprint compile time: 0.00 seconds
[2021.07.05-12.07.11:006][  0]LogAssetRegistry: Asset discovery search completed in 5.6204 seconds
[2021.07.05-12.07.11:009][  0]LogCollectionManager: Fixed up redirectors for 0 collections in 0.000002 seconds (updated 0 objects)
[2021.07.05-12.07.11:010][  0]LogContentStreaming: Texture pool size now 1000 MB
[2021.07.05-12.07.11:973][112]LogSlate: Took 0.000147 seconds to synchronously load lazily loaded font '../../../Engine/Content/Slate/Fonts/Roboto-Light.ttf' (167K)
[2021.07.05-12.07.19:316][952]LogAssetEditorSubsystem: Opening Asset editor for World /Game/MobileStarterContent/Maps/Minimal_Default.Minimal_Default
[2021.07.05-12.07.19:326][952]LogUObjectHash: Compacting FUObjectHashTables data took   0.53ms
[2021.07.05-12.07.19:327][952]Cmd: MAP LOAD FILE="E:/ObjectPool/ObjectPool/Content/MobileStarterContent/Maps/Minimal_Default.umap" TEMPLATE=0 SHOWPROGRESS=1 FEATURELEVEL=3
[2021.07.05-12.07.19:327][952]LightingResults: New page: 라이팅 빌드
[2021.07.05-12.07.19:327][952]LoadErrors: New page: 맵 로드중: Minimal_Default.umap
[2021.07.05-12.07.19:328][952]LogWorld: UWorld::CleanupWorld for Minimal_Default, bSessionEnded=true, bCleanupResources=true
[2021.07.05-12.07.19:328][952]LogSlate: InvalidateAllWidgets triggered.  All widgets were invalidated
[2021.07.05-12.07.19:328][952]MapCheck: New page: 맵 체크
[2021.07.05-12.07.19:328][952]LightingResults: New page: 라이팅 빌드
[2021.07.05-12.07.19:337][952]LogAISub: UAISubsystem::~UAISubsystem EnvQueryManager (0000015F40243E00), frame # 952
[2021.07.05-12.07.19:337][952]LogAISub: UAISubsystem::~UAISubsystem AIPerceptionSystem (0000015F38DCF4C0), frame # 952
[2021.07.05-12.07.19:337][952]LogUObjectHash: Compacting FUObjectHashTables data took   0.62ms
[2021.07.05-12.07.19:343][952]LogAIModule: Creating AISystem for world Minimal_Default
[2021.07.05-12.07.19:343][952]LogAISub: UAISubsystem::UAISubsystem EnvQueryManager (0000015F40243600), frame # 952
[2021.07.05-12.07.19:343][952]LogAISub: UAISubsystem::UAISubsystem AIPerceptionSystem (0000015F20D074C0), frame # 952
[2021.07.05-12.07.19:389][952]LogEditorServer: Finished looking for orphan Actors (0.000 secs)
[2021.07.05-12.07.19:400][952]LogUObjectHash: Compacting FUObjectHashTables data took   0.57ms
[2021.07.05-12.07.19:411][952]Cmd: MAP CHECKDEP NOCLEARLOG
[2021.07.05-12.07.19:411][952]MapCheck: 맵 체크 완료: 오류 0 회, 경고 0 회, 소요 시간 0.065ms.
[2021.07.05-12.07.19:411][952]LogFileHelpers: Loading map 'Minimal_Default' took 0.084
[2021.07.05-12.07.55:821][982]LogSlate: Window '새 레벨' being destroyed
[2021.07.05-12.07.55:826][982]Cmd: MAP LOAD FILE="../../../Engine/Content/Maps/Templates/Template_Default.umap" TEMPLATE=1 SHOWPROGRESS=1 FEATURELEVEL=3
[2021.07.05-12.07.55:839][982]LightingResults: New page: 라이팅 빌드
[2021.07.05-12.07.55:839][982]LoadErrors: New page: 맵 로드중: Template_Default.umap
[2021.07.05-12.07.55:840][982]LogWorld: UWorld::CleanupWorld for Minimal_Default, bSessionEnded=true, bCleanupResources=true
[2021.07.05-12.07.55:840][982]LogSlate: InvalidateAllWidgets triggered.  All widgets were invalidated
[2021.07.05-12.07.55:840][982]MapCheck: New page: 맵 체크
[2021.07.05-12.07.55:840][982]LightingResults: New page: 라이팅 빌드
[2021.07.05-12.07.55:849][982]LogAISub: UAISubsystem::~UAISubsystem AIPerceptionSystem (0000015F20D074C0), frame # 4982
[2021.07.05-12.07.55:849][982]LogAISub: UAISubsystem::~UAISubsystem EnvQueryManager (0000015F40243600), frame # 4982
[2021.07.05-12.07.55:850][982]LogUObjectHash: Compacting FUObjectHashTables data took   0.63ms
[2021.07.05-12.07.55:857][982]LogAIModule: Creating AISystem for world Untitled_1
[2021.07.05-12.07.55:857][982]LogAISub: UAISubsystem::UAISubsystem EnvQueryManager (0000015F38AA0E00), frame # 4982
[2021.07.05-12.07.55:857][982]LogAISub: UAISubsystem::UAISubsystem AIPerceptionSystem (0000015F6000D080), frame # 4982
[2021.07.05-12.07.55:915][982]LogEditorServer: Finished looking for orphan Actors (0.000 secs)
[2021.07.05-12.07.55:926][982]LogUObjectHash: Compacting FUObjectHashTables data took   0.66ms
[2021.07.05-12.07.55:934][982]Cmd: MAP CHECKDEP NOCLEARLOG
[2021.07.05-12.07.55:934][982]MapCheck: 맵 체크 완료: 오류 0 회, 경고 0 회, 소요 시간 0.132ms.
[2021.07.05-12.07.55:934][982]LogFileHelpers: Loading map 'Template_Default' took 0.108
[2021.07.05-12.07.59:307][375]LogEditor: Attempting to add actor of class 'Spawner' to level at -500.00,-340.00,0.00
[2021.07.05-12.08.00:436][508]LogEditor: Attempting to add actor of class 'Spawner' to level at 140.00,-310.00,20.00
[2021.07.05-12.08.03:399][859]LogSlate: Took 0.000139 seconds to synchronously load lazily loaded font '../../../Engine/Content/Slate/Fonts/Roboto-Italic.ttf' (157K)
[2021.07.05-12.08.07:296][310]Candidate modules for hot reload:
[2021.07.05-12.08.07:296][310]  ObjectPool
[2021.07.05-12.08.07:296][310]Launching UnrealBuildTool... [C:/Program Files/Epic Games/UE_4.25/Engine/Binaries/DotNET/UnrealBuildTool.exe  -ModuleWithSuffix=ObjectPool,6569 ObjectPoolEditor Win64 Development -Project="E:/ObjectPool/ObjectPool/ObjectPool.uproject" "E:/ObjectPool/ObjectPool/ObjectPool.uproject"  -IgnoreJunk]
[2021.07.05-12.08.07:298][310]Warning: Starting HotReload took  0.0s.
[2021.07.05-12.08.08:959][466]CompilerResultsLog: New page: 컴파일 - 2021. 7. 6. 오전 6:08:08
[2021.07.05-12.08.08:959][466]CompilerResultsLog: Using 'git status' to determine working set for adaptive non-unity build (E:\ObjectPool).
[2021.07.05-12.08.08:959][466]CompilerResultsLog: Building ObjectPoolEditor...
[2021.07.05-12.08.08:959][466]CompilerResultsLog: Using Visual Studio 2019 14.28.29336 toolchain (C:\Program Files (x86)\Microsoft Visual Studio\2019\Community\VC\Tools\MSVC\14.28.29333) and Windows 10.0.18362.0 SDK (C:\Program Files (x86)\Windows Kits\10).
[2021.07.05-12.08.08:959][466]CompilerResultsLog: Building 3 actions with 12 processes...
[2021.07.05-12.08.08:959][466]CompilerResultsLog:   [1/3] UE4Editor-ObjectPool-6569.lib
[2021.07.05-12.08.08:959][466]CompilerResultsLog:      E:\ObjectPool\ObjectPool\Intermediate\Build\Win64\UE4Editor\Development\ObjectPool\UE4Editor-ObjectPool-6569.lib ???̺귯?? ?? E:\ObjectPool\ObjectPool\Intermediate\Build\Win64\UE4Editor\Development\ObjectPool\UE4Editor-ObjectPool-6569.exp ??ü?? ?????ϰ? ?ֽ??ϴ?.
[2021.07.05-12.08.08:959][466]CompilerResultsLog:   [2/3] UE4Editor-ObjectPool-6569.dll
[2021.07.05-12.08.08:959][466]CompilerResultsLog:      E:\ObjectPool\ObjectPool\Intermediate\Build\Win64\UE4Editor\Development\ObjectPool\UE4Editor-ObjectPool-6569.suppressed.lib ???̺귯?? ?? E:\ObjectPool\ObjectPool\Intermediate\Build\Win64\UE4Editor\Development\ObjectPool\UE4Editor-ObjectPool-6569.suppressed.exp ??ü?? ?????ϰ? ?ֽ??ϴ?.
[2021.07.05-12.08.08:959][466]CompilerResultsLog:   [3/3] ObjectPoolEditor.target
[2021.07.05-12.08.08:959][466]CompilerResultsLog: Total time in Parallel executor: 0.88 seconds
[2021.07.05-12.08.08:959][466]CompilerResultsLog: Total execution time: 1.58 seconds
[2021.07.05-12.08.08:959][466]LogMainFrame: MainFrame: Module compiling took 1.666 seconds
[2021.07.05-12.08.08:980][466]LogHotReload: Re-instancing Spawner after hot-reload.
[2021.07.05-12.08.08:984][466]LogContentBrowser: Native class hierarchy updated for 'ObjectPool' in 0.0003 seconds. Added 4 classes and 2 folders.
[2021.07.05-12.08.08:985][466]Display: HotReload successful (0 functions remapped  0 scriptstructs remapped)
[2021.07.05-12.08.09:013][466]LogContentBrowser: Native class hierarchy populated in 0.0081 seconds. Added 3431 classes and 823 folders.
[2021.07.05-12.08.09:017][466]Display: HotReload took  1.7s.
[2021.07.05-12.08.09:035][466]LogSlate: Took 0.002486 seconds to synchronously load lazily loaded font '../../../Engine/Content/Slate/Fonts/DroidSansFallback.ttf' (3848K)
[2021.07.05-12.08.09:035][466]LogSlate: Last resort fallback font was requested. Font: '../../../Engine/Content/Slate/Fonts/DroidSansFallback.ttf', Character: 'ϰ (U+03f0)'
[2021.07.05-12.08.09:040][466]LogSlate: Took 0.003339 seconds to synchronously load lazily loaded font '../../../Engine/Content/SlateDebug/Fonts/LastResort.ttf' (5269K)
[2021.07.05-12.08.09:967][577]LogTemp: Repeating last play command: 선택된 뷰포트
[2021.07.05-12.08.09:976][577]LogPlayLevel: PlayLevel: No blueprints needed recompiling
[2021.07.05-12.08.09:976][577]PIE: New page: PIE 세션: Untitled_1 (2021. 7. 6. 오전 6:08:09)
[2021.07.05-12.08.09:977][577]LogOnline: OSS: Creating online subsystem instance for: NULL
[2021.07.05-12.08.09:977][577]LogOnline: OSS: TryLoadSubsystemAndSetDefault: Loaded subsystem for module [NULL]
[2021.07.05-12.08.09:977][577]LogPlayLevel: Creating play world package: /Temp/UEDPIE_0_Untitled_1
[2021.07.05-12.08.09:979][577]LogPlayLevel: PIE: StaticDuplicateObject took: (0.001647s)
[2021.07.05-12.08.09:980][577]LogAIModule: Creating AISystem for world Untitled_1
[2021.07.05-12.08.09:980][577]LogAISub: UAISubsystem::UAISubsystem EnvQueryManager (0000015F5FB9AE00), frame # 6577
[2021.07.05-12.08.09:980][577]LogAISub: UAISubsystem::UAISubsystem AIPerceptionSystem (0000015F6020A200), frame # 6577
[2021.07.05-12.08.09:980][577]LogPlayLevel: PIE: World Init took: (0.000944s)
[2021.07.05-12.08.09:980][577]LogPlayLevel: PIE: Created PIE world by copying editor world from /Temp/Untitled_1.Untitled_1 to /Temp/UEDPIE_0_Untitled_1.Untitled_1 (0.002684s)
[2021.07.05-12.08.09:989][577]LogUObjectHash: Compacting FUObjectHashTables data took   0.56ms
[2021.07.05-12.08.09:990][577]LogAudioMixer: Display: Audio Mixer Platform Settings:
[2021.07.05-12.08.09:990][577]LogAudioMixer: Display: 	Sample Rate:						  48000
[2021.07.05-12.08.09:990][577]LogAudioMixer: Display: 	Callback Buffer Frame Size Requested: 1024
[2021.07.05-12.08.09:990][577]LogAudioMixer: Display: 	Callback Buffer Frame Size To Use:	  1024
[2021.07.05-12.08.09:990][577]LogAudioMixer: Display: 	Number of buffers to queue:			  2
[2021.07.05-12.08.09:990][577]LogAudioMixer: Display: 	Max Channels (voices):				  32
[2021.07.05-12.08.09:990][577]LogAudioMixer: Display: 	Number of Async Source Workers:		  0
[2021.07.05-12.08.09:991][577]LogAudio: Display: AudioDevice MaxSources: 32
[2021.07.05-12.08.09:991][577]LogAudio: Display: Using built-in audio occlusion.
[2021.07.05-12.08.09:991][577]LogAudioMixer: Display: Initializing audio mixer.
[2021.07.05-12.08.09:993][577]LogAudioMixer: Display: 0: FrontLeft
[2021.07.05-12.08.09:993][577]LogAudioMixer: Display: 1: FrontRight
[2021.07.05-12.08.10:006][577]LogAudioMixer: Display: Using Audio Device 스피커(Realtek(R) Audio)
[2021.07.05-12.08.10:006][577]LogAudioMixer: Display: Initializing Sound Submixes...
[2021.07.05-12.08.10:006][577]LogAudioMixer: Display: Creating Master Submix 'MasterSubmixDefault'
[2021.07.05-12.08.10:006][577]LogAudioMixer: Display: Creating Master Submix 'MasterReverbSubmixDefault'
[2021.07.05-12.08.10:006][577]LogAudioMixer: Display: Creating Master Submix 'MasterEQSubmixDefault'
[2021.07.05-12.08.10:017][577]LogInit: FAudioDevice initialized.
[2021.07.05-12.08.10:021][577]LogLoad: Game class is 'GameModeBase'
[2021.07.05-12.08.10:022][577]LogWorld: Bringing World /Temp/UEDPIE_0_Untitled_1.Untitled_1 up for play (max tick rate 0) at 2021.07.05-21.08.10
[2021.07.05-12.08.10:022][577]LogWorld: Bringing up level for play took: 0.000485
[2021.07.05-12.08.10:022][577]LogOnline: OSS: Creating online subsystem instance for: :Context_4
[2021.07.05-12.08.10:045][577]LogContentBrowser: Native class hierarchy updated for 'MovieSceneCapture' in 0.0003 seconds. Added 20 classes and 0 folders.
[2021.07.05-12.08.10:046][577]LogTemp: Warning: Lifespan : (null)
[2021.07.05-12.08.10:046][577]LogTemp: Warning: Lifespan : (null)
[2021.07.05-12.08.10:046][577]LogTemp: Warning: Lifespan : (null)
[2021.07.05-12.08.10:046][577]LogTemp: Warning: Lifespan : (null)
[2021.07.05-12.08.10:046][577]LogTemp: Warning: Lifespan : (null)
[2021.07.05-12.08.10:046][577]LogTemp: Warning: Lifespan : (null)
[2021.07.05-12.08.10:047][577]LogTemp: Warning: Lifespan : (null)
[2021.07.05-12.08.10:047][577]LogTemp: Warning: Lifespan : (null)
[2021.07.05-12.08.10:047][577]LogTemp: Warning: Lifespan : (null)
[2021.07.05-12.08.10:047][577]LogTemp: Warning: Lifespan : (null)
[2021.07.05-12.08.10:047][577]LogTemp: Warning: Lifespan : (null)
[2021.07.05-12.08.10:047][577]LogTemp: Warning: Lifespan : (null)
[2021.07.05-12.08.10:047][577]LogTemp: Warning: Lifespan : (null)
[2021.07.05-12.08.10:047][577]LogTemp: Warning: Lifespan : (null)
[2021.07.05-12.08.10:047][577]LogTemp: Warning: Lifespan : (null)
[2021.07.05-12.08.10:047][577]LogTemp: Warning: Lifespan : (null)
[2021.07.05-12.08.10:047][577]LogTemp: Warning: Lifespan : (null)
[2021.07.05-12.08.10:047][577]LogTemp: Warning: Lifespan : (null)
[2021.07.05-12.08.10:047][577]LogTemp: Warning: Lifespan : (null)
[2021.07.05-12.08.10:047][577]LogTemp: Warning: Lifespan : (null)
[2021.07.05-12.08.10:047][577]LogTemp: Warning: Lifespan : (null)
[2021.07.05-12.08.10:048][577]LogTemp: Warning: Lifespan : (null)
[2021.07.05-12.08.10:048][577]LogTemp: Warning: Lifespan : (null)
[2021.07.05-12.08.10:048][577]LogTemp: Warning: Lifespan : (null)
[2021.07.05-12.08.10:048][577]LogTemp: Warning: Lifespan : (null)
[2021.07.05-12.08.10:048][577]LogTemp: Warning: Lifespan : (null)
[2021.07.05-12.08.10:048][577]LogTemp: Warning: Lifespan : (null)
[2021.07.05-12.08.10:048][577]LogTemp: Warning: Lifespan : (null)
[2021.07.05-12.08.10:048][577]LogTemp: Warning: Lifespan : (null)
[2021.07.05-12.08.10:048][577]LogTemp: Warning: Lifespan : (null)
[2021.07.05-12.08.10:048][577]LogTemp: Warning: Lifespan : (null)
[2021.07.05-12.08.10:048][577]LogTemp: Warning: Lifespan : (null)
[2021.07.05-12.08.10:048][577]LogTemp: Warning: Lifespan : (null)
[2021.07.05-12.08.10:048][577]LogTemp: Warning: Lifespan : (null)
[2021.07.05-12.08.10:048][577]LogTemp: Warning: Lifespan : (null)
[2021.07.05-12.08.10:048][577]LogTemp: Warning: Lifespan : (null)
[2021.07.05-12.08.10:048][577]LogTemp: Warning: Lifespan : (null)
[2021.07.05-12.08.10:048][577]LogTemp: Warning: Lifespan : (null)
[2021.07.05-12.08.10:049][577]LogTemp: Warning: Lifespan : (null)
[2021.07.05-12.08.10:049][577]LogTemp: Warning: Lifespan : (null)
[2021.07.05-12.08.10:049][577]LogTemp: Warning: Lifespan : (null)
[2021.07.05-12.08.10:049][577]LogTemp: Warning: Lifespan : (null)
[2021.07.05-12.08.10:049][577]LogTemp: Warning: Lifespan : (null)
[2021.07.05-12.08.10:049][577]LogTemp: Warning: Lifespan : (null)
[2021.07.05-12.08.10:049][577]LogTemp: Warning: Lifespan : (null)
[2021.07.05-12.08.10:049][577]LogTemp: Warning: Lifespan : (null)
[2021.07.05-12.08.10:049][577]LogTemp: Warning: Lifespan : (null)
[2021.07.05-12.08.10:049][577]LogTemp: Warning: Lifespan : (null)
[2021.07.05-12.08.10:049][577]LogTemp: Warning: Lifespan : (null)
[2021.07.05-12.08.10:049][577]LogTemp: Warning: Lifespan : (null)
[2021.07.05-12.08.10:049][577]LogTemp: Warning: Lifespan : (null)
[2021.07.05-12.08.10:049][577]LogTemp: Warning: Lifespan : (null)
[2021.07.05-12.08.10:049][577]LogTemp: Warning: Lifespan : (null)
[2021.07.05-12.08.10:050][577]LogTemp: Warning: Lifespan : (null)
[2021.07.05-12.08.10:050][577]LogTemp: Warning: Lifespan : (null)
[2021.07.05-12.08.10:050][577]LogTemp: Warning: Lifespan : (null)
[2021.07.05-12.08.10:050][577]LogTemp: Warning: Lifespan : (null)
[2021.07.05-12.08.10:050][577]LogTemp: Warning: Lifespan : (null)
[2021.07.05-12.08.10:050][577]LogTemp: Warning: Lifespan : (null)
[2021.07.05-12.08.10:050][577]LogTemp: Warning: Lifespan : (null)
[2021.07.05-12.08.10:050][577]LogTemp: Warning: Lifespan : (null)
[2021.07.05-12.08.10:050][577]LogTemp: Warning: Lifespan : (null)
[2021.07.05-12.08.10:050][577]LogTemp: Warning: Lifespan : (null)
[2021.07.05-12.08.10:050][577]LogTemp: Warning: Lifespan : (null)
[2021.07.05-12.08.10:050][577]LogTemp: Warning: Lifespan : (null)
[2021.07.05-12.08.10:050][577]LogTemp: Warning: Lifespan : (null)
[2021.07.05-12.08.10:050][577]LogTemp: Warning: Lifespan : (null)
[2021.07.05-12.08.10:050][577]LogTemp: Warning: Lifespan : (null)
[2021.07.05-12.08.10:050][577]LogTemp: Warning: Lifespan : (null)
[2021.07.05-12.08.10:051][577]LogTemp: Warning: Lifespan : (null)
[2021.07.05-12.08.10:051][577]LogTemp: Warning: Lifespan : (null)
[2021.07.05-12.08.10:051][577]LogTemp: Warning: Lifespan : (null)
[2021.07.05-12.08.10:051][577]LogTemp: Warning: Lifespan : (null)
[2021.07.05-12.08.10:051][577]LogTemp: Warning: Lifespan : (null)
[2021.07.05-12.08.10:051][577]LogTemp: Warning: Lifespan : (null)
[2021.07.05-12.08.10:051][577]LogTemp: Warning: Lifespan : (null)
[2021.07.05-12.08.10:051][577]LogTemp: Warning: Lifespan : (null)
[2021.07.05-12.08.10:051][577]LogTemp: Warning: Lifespan : (null)
[2021.07.05-12.08.10:051][577]LogTemp: Warning: Lifespan : (null)
[2021.07.05-12.08.10:051][577]LogTemp: Warning: Lifespan : (null)
[2021.07.05-12.08.10:051][577]LogTemp: Warning: Lifespan : (null)
[2021.07.05-12.08.10:051][577]LogTemp: Warning: Lifespan : (null)
[2021.07.05-12.08.10:051][577]LogTemp: Warning: Lifespan : (null)
[2021.07.05-12.08.10:051][577]LogTemp: Warning: Lifespan : (null)
[2021.07.05-12.08.10:051][577]LogTemp: Warning: Lifespan : (null)
[2021.07.05-12.08.10:052][577]LogTemp: Warning: Lifespan : (null)
[2021.07.05-12.08.10:052][577]LogTemp: Warning: Lifespan : (null)
[2021.07.05-12.08.10:052][577]LogTemp: Warning: Lifespan : (null)
[2021.07.05-12.08.10:052][577]LogTemp: Warning: Lifespan : (null)
[2021.07.05-12.08.10:052][577]LogTemp: Warning: Lifespan : (null)
[2021.07.05-12.08.10:052][577]LogTemp: Warning: Lifespan : (null)
[2021.07.05-12.08.10:052][577]LogTemp: Warning: Lifespan : (null)
[2021.07.05-12.08.10:052][577]LogTemp: Warning: Lifespan : (null)
[2021.07.05-12.08.10:052][577]LogTemp: Warning: Lifespan : (null)
[2021.07.05-12.08.10:052][577]LogTemp: Warning: Lifespan : (null)
[2021.07.05-12.08.10:052][577]LogTemp: Warning: Lifespan : (null)
[2021.07.05-12.08.10:052][577]LogTemp: Warning: Lifespan : (null)
[2021.07.05-12.08.10:052][577]LogTemp: Warning: Lifespan : (null)
[2021.07.05-12.08.10:053][577]LogTemp: Warning: Lifespan : (null)
[2021.07.05-12.08.10:053][577]LogTemp: Warning: Lifespan : (null)
[2021.07.05-12.08.10:053][577]LogTemp: Warning: Lifespan : (null)
[2021.07.05-12.08.10:053][577]LogTemp: Warning: Lifespan : (null)
[2021.07.05-12.08.10:053][577]LogTemp: Warning: Lifespan : (null)
[2021.07.05-12.08.10:053][577]LogTemp: Warning: Lifespan : (null)
[2021.07.05-12.08.10:053][577]LogTemp: Warning: Lifespan : (null)
[2021.07.05-12.08.10:053][577]LogTemp: Warning: Lifespan : (null)
[2021.07.05-12.08.10:053][577]LogTemp: Warning: Lifespan : (null)
[2021.07.05-12.08.10:053][577]LogTemp: Warning: Lifespan : (null)
[2021.07.05-12.08.10:053][577]LogTemp: Warning: Lifespan : (null)
[2021.07.05-12.08.10:053][577]LogTemp: Warning: Lifespan : (null)
[2021.07.05-12.08.10:053][577]LogTemp: Warning: Lifespan : (null)
[2021.07.05-12.08.10:053][577]LogTemp: Warning: Lifespan : (null)
[2021.07.05-12.08.10:053][577]LogTemp: Warning: Lifespan : (null)
[2021.07.05-12.08.10:053][577]LogTemp: Warning: Lifespan : (null)
[2021.07.05-12.08.10:054][577]LogTemp: Warning: Lifespan : (null)
[2021.07.05-12.08.10:054][577]LogTemp: Warning: Lifespan : (null)
[2021.07.05-12.08.10:054][577]LogTemp: Warning: Lifespan : (null)
[2021.07.05-12.08.10:054][577]LogTemp: Warning: Lifespan : (null)
[2021.07.05-12.08.10:054][577]LogTemp: Warning: Lifespan : (null)
[2021.07.05-12.08.10:054][577]LogTemp: Warning: Lifespan : (null)
[2021.07.05-12.08.10:054][577]LogTemp: Warning: Lifespan : (null)
[2021.07.05-12.08.10:054][577]LogTemp: Warning: Lifespan : (null)
[2021.07.05-12.08.10:054][577]LogTemp: Warning: Lifespan : (null)
[2021.07.05-12.08.10:054][577]LogTemp: Warning: Lifespan : (null)
[2021.07.05-12.08.10:054][577]LogTemp: Warning: Lifespan : (null)
[2021.07.05-12.08.10:054][577]LogTemp: Warning: Lifespan : (null)
[2021.07.05-12.08.10:054][577]LogTemp: Warning: Lifespan : (null)
[2021.07.05-12.08.10:054][577]LogTemp: Warning: Lifespan : (null)
[2021.07.05-12.08.10:054][577]LogTemp: Warning: Lifespan : (null)
[2021.07.05-12.08.10:055][577]LogTemp: Warning: Lifespan : (null)
[2021.07.05-12.08.10:055][577]LogTemp: Warning: Lifespan : (null)
[2021.07.05-12.08.10:055][577]LogTemp: Warning: Lifespan : (null)
[2021.07.05-12.08.10:055][577]LogTemp: Warning: Lifespan : (null)
[2021.07.05-12.08.10:055][577]LogTemp: Warning: Lifespan : (null)
[2021.07.05-12.08.10:055][577]LogTemp: Warning: Lifespan : (null)
[2021.07.05-12.08.10:055][577]LogTemp: Warning: Lifespan : (null)
[2021.07.05-12.08.10:055][577]LogTemp: Warning: Lifespan : (null)
[2021.07.05-12.08.10:055][577]LogTemp: Warning: Lifespan : (null)
[2021.07.05-12.08.10:055][577]LogTemp: Warning: Lifespan : (null)
[2021.07.05-12.08.10:055][577]LogTemp: Warning: Lifespan : (null)
[2021.07.05-12.08.10:055][577]LogTemp: Warning: Lifespan : (null)
[2021.07.05-12.08.10:055][577]LogTemp: Warning: Lifespan : (null)
[2021.07.05-12.08.10:055][577]LogTemp: Warning: Lifespan : (null)
[2021.07.05-12.08.10:055][577]LogTemp: Warning: Lifespan : (null)
[2021.07.05-12.08.10:056][577]LogTemp: Warning: Lifespan : (null)
[2021.07.05-12.08.10:056][577]LogTemp: Warning: Lifespan : (null)
[2021.07.05-12.08.10:056][577]LogTemp: Warning: Lifespan : (null)
[2021.07.05-12.08.10:056][577]LogTemp: Warning: Lifespan : (null)
[2021.07.05-12.08.10:056][577]LogTemp: Warning: Lifespan : (null)
[2021.07.05-12.08.10:056][577]LogTemp: Warning: Lifespan : (null)
[2021.07.05-12.08.10:056][577]LogTemp: Warning: Lifespan : (null)
[2021.07.05-12.08.10:056][577]LogTemp: Warning: Lifespan : (null)
[2021.07.05-12.08.10:056][577]LogTemp: Warning: Lifespan : (null)
[2021.07.05-12.08.10:056][577]LogTemp: Warning: Lifespan : (null)
[2021.07.05-12.08.10:056][577]LogTemp: Warning: Lifespan : (null)
[2021.07.05-12.08.10:056][577]LogTemp: Warning: Lifespan : (null)
[2021.07.05-12.08.10:056][577]LogTemp: Warning: Lifespan : (null)
[2021.07.05-12.08.10:056][577]LogTemp: Warning: Lifespan : (null)
[2021.07.05-12.08.10:056][577]LogTemp: Warning: Lifespan : (null)
[2021.07.05-12.08.10:056][577]LogTemp: Warning: Lifespan : (null)
[2021.07.05-12.08.10:057][577]LogTemp: Warning: Lifespan : (null)
[2021.07.05-12.08.10:057][577]LogTemp: Warning: Lifespan : (null)
[2021.07.05-12.08.10:057][577]LogTemp: Warning: Lifespan : (null)
[2021.07.05-12.08.10:057][577]LogTemp: Warning: Lifespan : (null)
[2021.07.05-12.08.10:057][577]LogTemp: Warning: Lifespan : (null)
[2021.07.05-12.08.10:057][577]LogTemp: Warning: Lifespan : (null)
[2021.07.05-12.08.10:057][577]LogTemp: Warning: Lifespan : (null)
[2021.07.05-12.08.10:057][577]LogTemp: Warning: Lifespan : (null)
[2021.07.05-12.08.10:057][577]LogTemp: Warning: Lifespan : (null)
[2021.07.05-12.08.10:057][577]LogTemp: Warning: Lifespan : (null)
[2021.07.05-12.08.10:057][577]LogTemp: Warning: Lifespan : (null)
[2021.07.05-12.08.10:057][577]LogTemp: Warning: Lifespan : (null)
[2021.07.05-12.08.10:057][577]LogTemp: Warning: Lifespan : (null)
[2021.07.05-12.08.10:057][577]LogTemp: Warning: Lifespan : (null)
[2021.07.05-12.08.10:057][577]LogTemp: Warning: Lifespan : (null)
[2021.07.05-12.08.10:058][577]LogTemp: Warning: Lifespan : (null)
[2021.07.05-12.08.10:058][577]LogTemp: Warning: Lifespan : (null)
[2021.07.05-12.08.10:058][577]LogTemp: Warning: Lifespan : (null)
[2021.07.05-12.08.10:058][577]LogTemp: Warning: Lifespan : (null)
[2021.07.05-12.08.10:058][577]LogTemp: Warning: Lifespan : (null)
[2021.07.05-12.08.10:058][577]LogTemp: Warning: Lifespan : (null)
[2021.07.05-12.08.10:058][577]LogTemp: Warning: Lifespan : (null)
[2021.07.05-12.08.10:058][577]LogTemp: Warning: Lifespan : (null)
[2021.07.05-12.08.10:058][577]LogTemp: Warning: Lifespan : (null)
[2021.07.05-12.08.10:058][577]LogTemp: Warning: Lifespan : (null)
[2021.07.05-12.08.10:058][577]LogTemp: Warning: Lifespan : (null)
[2021.07.05-12.08.10:058][577]LogTemp: Warning: Lifespan : (null)
[2021.07.05-12.08.10:058][577]LogTemp: Warning: Lifespan : (null)
[2021.07.05-12.08.10:058][577]LogTemp: Warning: Lifespan : (null)
[2021.07.05-12.08.10:058][577]LogTemp: Warning: Lifespan : (null)
[2021.07.05-12.08.10:059][577]LogTemp: Warning: Lifespan : (null)
[2021.07.05-12.08.10:059][577]LogTemp: Warning: Lifespan : (null)
[2021.07.05-12.08.10:059][577]LogTemp: Warning: Lifespan : (null)
[2021.07.05-12.08.10:059][577]LogTemp: Warning: Lifespan : (null)
[2021.07.05-12.08.10:059][577]LogTemp: Warning: Lifespan : (null)
[2021.07.05-12.08.10:059][577]LogTemp: Warning: Lifespan : (null)
[2021.07.05-12.08.10:059][577]LogTemp: Warning: Lifespan : (null)
[2021.07.05-12.08.10:059][577]LogTemp: Warning: Lifespan : (null)
[2021.07.05-12.08.10:059][577]LogTemp: Warning: Lifespan : (null)
[2021.07.05-12.08.10:059][577]LogTemp: Warning: Lifespan : (null)
[2021.07.05-12.08.10:059][577]PIE: 서버가 로그인했습니다.
[2021.07.05-12.08.10:061][577]PIE: 에디터에서 플레이 총 시작 시간 0.087초입니다.
[2021.07.05-12.08.15:304][683]LogWindows: Error: === Critical error: ===
[2021.07.05-12.08.15:304][683]LogWindows: Error: 
[2021.07.05-12.08.15:304][683]LogWindows: Error: Fatal error!
[2021.07.05-12.08.15:304][683]LogWindows: Error: 
[2021.07.05-12.08.15:304][683]LogWindows: Error: Unhandled Exception: EXCEPTION_ACCESS_VIOLATION reading address 0xffffffff
[2021.07.05-12.08.15:304][683]LogWindows: Error: 
[2021.07.05-12.08.15:304][683]LogWindows: Error: [Callstack] 0x00007ffc6ef26fbb ucrtbase.dll!UnknownFunction []
[2021.07.05-12.08.15:304][683]LogWindows: Error: [Callstack] 0x00007ffc6ef0e45c ucrtbase.dll!UnknownFunction []
[2021.07.05-12.08.15:304][683]LogWindows: Error: [Callstack] 0x00007ffc6ef0dfca ucrtbase.dll!UnknownFunction []
[2021.07.05-12.08.15:304][683]LogWindows: Error: [Callstack] 0x00007ffbdf899905 UE4Editor-Core.dll!FMsg::Logf_InternalImpl() [D:\Build\++UE4\Sync\Engine\Source\Runtime\Core\Private\Logging\LogMacros.cpp:92]
[2021.07.05-12.08.15:304][683]LogWindows: Error: [Callstack] 0x00007ffbbd0e3e88 UE4Editor-ObjectPool-6569.dll!UnknownFunction [E:\ObjectPool\ObjectPool\Source\ObjectPool\PoolableObject.cpp:46]
[2021.07.05-12.08.15:304][683]LogWindows: Error: [Callstack] 0x00007ffbbd0e4dac UE4Editor-ObjectPool-6569.dll!UnknownFunction [E:\ObjectPool\ObjectPool\Source\ObjectPool\Spawner.cpp:75]
[2021.07.05-12.08.15:304][683]LogWindows: Error: [Callstack] 0x00007ffbddba21cb UE4Editor-Engine.dll!FTimerUnifiedDelegate::Execute() [D:\Build\++UE4\Sync\Engine\Source\Runtime\Engine\Public\TimerManager.h:51]
[2021.07.05-12.08.15:305][683]LogWindows: Error: [Callstack] 0x00007ffbddbfbf39 UE4Editor-Engine.dll!FTimerManager::Tick() [D:\Build\++UE4\Sync\Engine\Source\Runtime\Engine\Private\TimerManager.cpp:881]
[2021.07.05-12.08.15:305][683]LogWindows: Error: [Callstack] 0x00007ffbdd318e94 UE4Editor-Engine.dll!UWorld::Tick() [D:\Build\++UE4\Sync\Engine\Source\Runtime\Engine\Private\LevelTick.cpp:1625]
[2021.07.05-12.08.15:305][683]LogWindows: Error: [Callstack] 0x00007ffbdb3caf57 UE4Editor-UnrealEd.dll!UEditorEngine::Tick() [D:\Build\++UE4\Sync\Engine\Source\Editor\UnrealEd\Private\EditorEngine.cpp:1693]
[2021.07.05-12.08.15:305][683]LogWindows: Error: [Callstack] 0x00007ffbdbca37e6 UE4Editor-UnrealEd.dll!UUnrealEdEngine::Tick() [D:\Build\++UE4\Sync\Engine\Source\Editor\UnrealEd\Private\UnrealEdEngine.cpp:414]
[2021.07.05-12.08.15:305][683]LogWindows: Error: [Callstack] 0x00007ff622af7800 UE4Editor.exe!FEngineLoop::Tick() [D:\Build\++UE4\Sync\Engine\Source\Runtime\Launch\Private\LaunchEngineLoop.cpp:4850]
[2021.07.05-12.08.15:305][683]LogWindows: Error: [Callstack] 0x00007ff622b0ba7c UE4Editor.exe!GuardedMain() [D:\Build\++UE4\Sync\Engine\Source\Runtime\Launch\Private\Launch.cpp:169]
[2021.07.05-12.08.15:305][683]LogWindows: Error: [Callstack] 0x00007ff622b0bb5a UE4Editor.exe!GuardedMainWrapper() [D:\Build\++UE4\Sync\Engine\Source\Runtime\Launch\Private\Windows\LaunchWindows.cpp:137]
[2021.07.05-12.08.15:305][683]LogWindows: Error: [Callstack] 0x00007ff622b1e31d UE4Editor.exe!WinMain() [D:\Build\++UE4\Sync\Engine\Source\Runtime\Launch\Private\Windows\LaunchWindows.cpp:268]
[2021.07.05-12.08.15:305][683]LogWindows: Error: [Callstack] 0x00007ff622b2145a UE4Editor.exe!__scrt_common_main_seh() [d:\agent\_work\5\s\src\vctools\crt\vcstartup\src\startup\exe_common.inl:288]
[2021.07.05-12.08.15:305][683]LogWindows: Error: [Callstack] 0x00007ffc704c7034 KERNEL32.DLL!UnknownFunction []
[2021.07.05-12.08.15:305][683]LogWindows: Error: [Callstack] 0x00007ffc71042651 ntdll.dll!UnknownFunction []
[2021.07.05-12.08.15:305][683]LogWindows: Error: 
[2021.07.05-12.08.15:314][683]LogExit: Executing StaticShutdownAfterError
[2021.07.05-12.08.15:316][683]LogWindows: FPlatformMisc::RequestExit(1)
[2021.07.05-12.08.15:316][683]LogCore: Engine exit requested (reason: Win RequestExit)
[2021.07.05-12.08.15:321][683]Log file closed, 07/05/21 21:08:15
